2021-10-06 22:09:24 INFO  com.felixalacampagne.recivaportal.RecivaPortalRest: getHeadChallenge: serial:0000df34 sp:v257-a-865-a-476
2021-10-06 22:09:24 INFO  com.felixalacampagne.recivaportal.RecivaPortalRest: getHeadChallenge: serial:0000df34 sp:v257-a-865-a-476
2021-10-06 22:09:24 INFO  com.felixalacampagne.recivaportal.RecivaPortalRest: getHeadChallenge: serial:0000df34 sp:v257-a-865-a-476
2021-10-06 22:09:24 INFO  com.felixalacampagne.recivaportal.RecivaPortalRest: getHeadChallenge: serial:0000df34 sp:v257-a-865-a-476
2021-10-06 22:09:24 DEBUG com.felixalacampagne.recivaportal.RecivaPortalRest: getHeadChallenge: headers
Accept: [*/*]
Host: [portal4.7803986842.com]
2021-10-06 22:09:24 DEBUG com.felixalacampagne.recivaportal.RecivaPortalRest: getHeadChallenge: headers
Accept: [*/*]
Host: [portal3.7803986842.com]
2021-10-06 22:09:24 DEBUG com.felixalacampagne.recivaportal.RecivaPortalRest: getHeadChallenge: headers
Accept: [*/*]
Host: [portal1.7803986842.com]
2021-10-06 22:09:24 DEBUG com.felixalacampagne.recivaportal.RecivaPortalRest: getHeadChallenge: params
serial: [0000df34]
sp: [v257-a-865-a-476]
2021-10-06 22:09:24 DEBUG com.felixalacampagne.recivaportal.RecivaPortalRest: getHeadChallenge: params
serial: [0000df34]
sp: [v257-a-865-a-476]
2021-10-06 22:09:24 DEBUG com.felixalacampagne.recivaportal.RecivaPortalRest: getHeadChallenge: headers
Accept: [*/*]
Host: [portal2.7803986842.com]
2021-10-06 22:09:24 DEBUG com.felixalacampagne.recivaportal.RecivaPortalRest: getHeadChallenge: params
serial: [0000df34]
sp: [v257-a-865-a-476]
2021-10-06 22:09:24 DEBUG com.felixalacampagne.recivaportal.RecivaPortalRest: getHeadChallenge: params
serial: [0000df34]
sp: [v257-a-865-a-476]
2021-10-06 22:09:24 DEBUG com.felixalacampagne.recivaportal.RecivaPortalRest: makeChallengeResponse: response status: 200 Ok
2021-10-06 22:09:24 DEBUG com.felixalacampagne.recivaportal.RecivaPortalRest: makeChallengeResponse: response status: 200 Ok
2021-10-06 22:09:24 DEBUG com.felixalacampagne.recivaportal.RecivaPortalRest: makeChallengeResponse: response status: 200 Ok
2021-10-06 22:09:24 DEBUG com.felixalacampagne.recivaportal.RecivaPortalRest: makeChallengeResponse: response status: 200 Ok
2021-10-06 22:09:24 DEBUG com.felixalacampagne.recivaportal.RecivaPortalRest: makeChallengeResponse: response header:
Last-Modified: [Wed, 06 Oct 2021 20:09:24 GMT]
Expires: [Thu, 07 Oct 2021 20:09:24 GMT]
Location: [http://portal4.7803986842.com/portal/location]
Content-Location: [http://www.reciva.com/portal/content-location]
Content-Encoding: [UTF-8]
Content-Length: [8]
Content-Type: [text/plain]
X-Reciva-Challenge-Format: [sernum]
X-Reciva-Session-Id: [55667788]
Set-Cookie: [JSESSIONID=ABCD1234ABCD1234; Path=/portal]
2021-10-06 22:09:24 DEBUG com.felixalacampagne.recivaportal.RecivaPortalRest: makeChallengeResponse: response header:
Last-Modified: [Wed, 06 Oct 2021 20:09:24 GMT]
Expires: [Thu, 07 Oct 2021 20:09:24 GMT]
Location: [http://portal2.7803986842.com/portal/location]
Content-Location: [http://www.reciva.com/portal/content-location]
Content-Encoding: [UTF-8]
Content-Length: [8]
Content-Type: [text/plain]
X-Reciva-Challenge-Format: [sernum]
X-Reciva-Session-Id: [55667788]
Set-Cookie: [JSESSIONID=ABCD1234ABCD1234; Path=/portal]
2021-10-06 22:09:24 DEBUG com.felixalacampagne.recivaportal.RecivaPortalRest: makeChallengeResponse: response header:
Last-Modified: [Wed, 06 Oct 2021 20:09:24 GMT]
Expires: [Thu, 07 Oct 2021 20:09:24 GMT]
Location: [http://portal1.7803986842.com/portal/location]
Content-Location: [http://www.reciva.com/portal/content-location]
Content-Encoding: [UTF-8]
Content-Length: [8]
Content-Type: [text/plain]
X-Reciva-Challenge-Format: [sernum]
X-Reciva-Session-Id: [55667788]
Set-Cookie: [JSESSIONID=ABCD1234ABCD1234; Path=/portal]
2021-10-06 22:09:24 DEBUG com.felixalacampagne.recivaportal.RecivaPortalRest: makeChallengeResponse: response header:
Last-Modified: [Wed, 06 Oct 2021 20:09:24 GMT]
Expires: [Thu, 07 Oct 2021 20:09:24 GMT]
Location: [http://portal3.7803986842.com/portal/location]
Content-Location: [http://www.reciva.com/portal/content-location]
Content-Encoding: [UTF-8]
Content-Length: [8]
Content-Type: [text/plain]
X-Reciva-Challenge-Format: [sernum]
X-Reciva-Session-Id: [55667788]
Set-Cookie: [JSESSIONID=ABCD1234ABCD1234; Path=/portal]
2021-10-06 22:09:39 INFO  com.felixalacampagne.recivaportal.RecivaPortalRest: getHeadChallenge: serial:0000df34 sp:v257-a-865-a-476
2021-10-06 22:09:39 DEBUG com.felixalacampagne.recivaportal.RecivaPortalRest: getHeadChallenge: headers
Accept: [*/*]
Host: [portal5.7803986842.com]
2021-10-06 22:09:39 DEBUG com.felixalacampagne.recivaportal.RecivaPortalRest: getHeadChallenge: params
serial: [0000df34]
sp: [v257-a-865-a-476]
2021-10-06 22:09:39 DEBUG com.felixalacampagne.recivaportal.RecivaPortalRest: makeChallengeResponse: response status: 200 Ok
2021-10-06 22:09:39 DEBUG com.felixalacampagne.recivaportal.RecivaPortalRest: makeChallengeResponse: response header:
Last-Modified: [Wed, 06 Oct 2021 20:09:39 GMT]
Expires: [Thu, 07 Oct 2021 20:09:39 GMT]
Location: [http://portal5.7803986842.com/portal/location]
Content-Location: [http://www.reciva.com/portal/content-location]
Content-Encoding: [UTF-8]
Content-Length: [8]
Content-Type: [text/plain]
X-Reciva-Challenge-Format: [sernum]
X-Reciva-Session-Id: [55667788]
Set-Cookie: [JSESSIONID=ABCD1234ABCD1234; Path=/portal]
2021-10-06 22:09:39 INFO  com.felixalacampagne.recivaportal.RecivaPortalRest: getHeadChallenge: serial:0000df34 sp:v257-a-865-a-476
2021-10-06 22:09:39 DEBUG com.felixalacampagne.recivaportal.RecivaPortalRest: getHeadChallenge: headers
Accept: [*/*]
Host: [portal6.7803986842.com]
2021-10-06 22:09:39 DEBUG com.felixalacampagne.recivaportal.RecivaPortalRest: getHeadChallenge: params
serial: [0000df34]
sp: [v257-a-865-a-476]
2021-10-06 22:09:39 DEBUG com.felixalacampagne.recivaportal.RecivaPortalRest: makeChallengeResponse: response status: 200 Ok
2021-10-06 22:09:39 DEBUG com.felixalacampagne.recivaportal.RecivaPortalRest: makeChallengeResponse: response header:
Last-Modified: [Wed, 06 Oct 2021 20:09:39 GMT]
Expires: [Thu, 07 Oct 2021 20:09:39 GMT]
Location: [http://portal6.7803986842.com/portal/location]
Content-Location: [http://www.reciva.com/portal/content-location]
Content-Encoding: [UTF-8]
Content-Length: [8]
Content-Type: [text/plain]
X-Reciva-Challenge-Format: [sernum]
X-Reciva-Session-Id: [55667788]
Set-Cookie: [JSESSIONID=ABCD1234ABCD1234; Path=/portal]
2021-10-06 22:09:39 INFO  com.felixalacampagne.recivaportal.RecivaPortalRest: getHeadChallenge: serial:0000df34 sp:v257-a-865-a-476
2021-10-06 22:09:39 DEBUG com.felixalacampagne.recivaportal.RecivaPortalRest: getHeadChallenge: headers
Accept: [*/*]
Host: [portal7.7803986842.com]
2021-10-06 22:09:39 DEBUG com.felixalacampagne.recivaportal.RecivaPortalRest: getHeadChallenge: params
serial: [0000df34]
sp: [v257-a-865-a-476]
2021-10-06 22:09:39 DEBUG com.felixalacampagne.recivaportal.RecivaPortalRest: makeChallengeResponse: response status: 200 Ok
2021-10-06 22:09:39 DEBUG com.felixalacampagne.recivaportal.RecivaPortalRest: makeChallengeResponse: response header:
Last-Modified: [Wed, 06 Oct 2021 20:09:39 GMT]
Expires: [Thu, 07 Oct 2021 20:09:39 GMT]
Location: [http://portal7.7803986842.com/portal/location]
Content-Location: [http://www.reciva.com/portal/content-location]
Content-Encoding: [UTF-8]
Content-Length: [8]
Content-Type: [text/plain]
X-Reciva-Challenge-Format: [sernum]
X-Reciva-Session-Id: [55667788]
Set-Cookie: [JSESSIONID=ABCD1234ABCD1234; Path=/portal]
2021-10-06 22:09:39 INFO  com.felixalacampagne.recivaportal.RecivaPortalRest: getHeadChallenge: serial:0000df34 sp:v257-a-865-a-476
2021-10-06 22:09:39 DEBUG com.felixalacampagne.recivaportal.RecivaPortalRest: getHeadChallenge: headers
Accept: [*/*]
Host: [portal8.7803986842.com]
2021-10-06 22:09:39 DEBUG com.felixalacampagne.recivaportal.RecivaPortalRest: getHeadChallenge: params
serial: [0000df34]
sp: [v257-a-865-a-476]
2021-10-06 22:09:39 DEBUG com.felixalacampagne.recivaportal.RecivaPortalRest: makeChallengeResponse: response status: 200 Ok
2021-10-06 22:09:39 DEBUG com.felixalacampagne.recivaportal.RecivaPortalRest: makeChallengeResponse: response header:
Last-Modified: [Wed, 06 Oct 2021 20:09:39 GMT]
Expires: [Thu, 07 Oct 2021 20:09:39 GMT]
Location: [http://portal8.7803986842.com/portal/location]
Content-Location: [http://www.reciva.com/portal/content-location]
Content-Encoding: [UTF-8]
Content-Length: [8]
Content-Type: [text/plain]
X-Reciva-Challenge-Format: [sernum]
X-Reciva-Session-Id: [55667788]
Set-Cookie: [JSESSIONID=ABCD1234ABCD1234; Path=/portal]
2021-10-06 22:09:40 INFO  com.felixalacampagne.recivaportal.RecivaPortalRest: getHeadChallenge: serial:0000df34 sp:v257-a-865-a-476
2021-10-06 22:09:40 DEBUG com.felixalacampagne.recivaportal.RecivaPortalRest: getHeadChallenge: headers
Accept: [*/*]
Host: [portal9.7803986842.com]
2021-10-06 22:09:40 DEBUG com.felixalacampagne.recivaportal.RecivaPortalRest: getHeadChallenge: params
serial: [0000df34]
sp: [v257-a-865-a-476]
2021-10-06 22:09:40 DEBUG com.felixalacampagne.recivaportal.RecivaPortalRest: makeChallengeResponse: response status: 200 Ok
2021-10-06 22:09:40 DEBUG com.felixalacampagne.recivaportal.RecivaPortalRest: makeChallengeResponse: response header:
Last-Modified: [Wed, 06 Oct 2021 20:09:40 GMT]
Expires: [Thu, 07 Oct 2021 20:09:40 GMT]
Location: [http://portal9.7803986842.com/portal/location]
Content-Location: [http://www.reciva.com/portal/content-location]
Content-Encoding: [UTF-8]
Content-Length: [8]
Content-Type: [text/plain]
X-Reciva-Challenge-Format: [sernum]
X-Reciva-Session-Id: [55667788]
Set-Cookie: [JSESSIONID=ABCD1234ABCD1234; Path=/portal]
2021-10-06 22:09:40 INFO  com.felixalacampagne.recivaportal.RecivaPortalRest: getHeadChallenge: serial:0000df34 sp:v257-a-865-a-476
2021-10-06 22:09:40 DEBUG com.felixalacampagne.recivaportal.RecivaPortalRest: getHeadChallenge: headers
Accept: [*/*]
Host: [portal10.7803986842.com]
2021-10-06 22:09:40 DEBUG com.felixalacampagne.recivaportal.RecivaPortalRest: getHeadChallenge: params
serial: [0000df34]
sp: [v257-a-865-a-476]
2021-10-06 22:09:40 DEBUG com.felixalacampagne.recivaportal.RecivaPortalRest: makeChallengeResponse: response status: 200 Ok
2021-10-06 22:09:40 DEBUG com.felixalacampagne.recivaportal.RecivaPortalRest: makeChallengeResponse: response header:
Last-Modified: [Wed, 06 Oct 2021 20:09:40 GMT]
Expires: [Thu, 07 Oct 2021 20:09:40 GMT]
Location: [http://portal10.7803986842.com/portal/location]
Content-Location: [http://www.reciva.com/portal/content-location]
Content-Encoding: [UTF-8]
Content-Length: [8]
Content-Type: [text/plain]
X-Reciva-Challenge-Format: [sernum]
X-Reciva-Session-Id: [55667788]
Set-Cookie: [JSESSIONID=ABCD1234ABCD1234; Path=/portal]
2021-10-06 22:09:40 INFO  com.felixalacampagne.recivaportal.RecivaPortalRest: getHeadChallenge: serial:0000df34 sp:v257-a-865-a-476
2021-10-06 22:09:40 DEBUG com.felixalacampagne.recivaportal.RecivaPortalRest: getHeadChallenge: headers
Accept: [*/*]
Host: [portal11.7803986842.com]
2021-10-06 22:09:40 DEBUG com.felixalacampagne.recivaportal.RecivaPortalRest: getHeadChallenge: params
serial: [0000df34]
sp: [v257-a-865-a-476]
2021-10-06 22:09:40 DEBUG com.felixalacampagne.recivaportal.RecivaPortalRest: makeChallengeResponse: response status: 200 Ok
2021-10-06 22:09:40 DEBUG com.felixalacampagne.recivaportal.RecivaPortalRest: makeChallengeResponse: response header:
Last-Modified: [Wed, 06 Oct 2021 20:09:40 GMT]
Expires: [Thu, 07 Oct 2021 20:09:40 GMT]
Location: [http://portal11.7803986842.com/portal/location]
Content-Location: [http://www.reciva.com/portal/content-location]
Content-Encoding: [UTF-8]
Content-Length: [8]
Content-Type: [text/plain]
X-Reciva-Challenge-Format: [sernum]
X-Reciva-Session-Id: [55667788]
Set-Cookie: [JSESSIONID=ABCD1234ABCD1234; Path=/portal]
2021-10-06 22:09:40 INFO  com.felixalacampagne.recivaportal.RecivaPortalRest: getHeadChallenge: serial:0000df34 sp:v257-a-865-a-476
2021-10-06 22:09:40 DEBUG com.felixalacampagne.recivaportal.RecivaPortalRest: getHeadChallenge: headers
Accept: [*/*]
Host: [portal12.7803986842.com]
2021-10-06 22:09:40 DEBUG com.felixalacampagne.recivaportal.RecivaPortalRest: getHeadChallenge: params
serial: [0000df34]
sp: [v257-a-865-a-476]
2021-10-06 22:09:40 DEBUG com.felixalacampagne.recivaportal.RecivaPortalRest: makeChallengeResponse: response status: 200 Ok
2021-10-06 22:09:40 DEBUG com.felixalacampagne.recivaportal.RecivaPortalRest: makeChallengeResponse: response header:
Last-Modified: [Wed, 06 Oct 2021 20:09:40 GMT]
Expires: [Thu, 07 Oct 2021 20:09:40 GMT]
Location: [http://portal12.7803986842.com/portal/location]
Content-Location: [http://www.reciva.com/portal/content-location]
Content-Encoding: [UTF-8]
Content-Length: [8]
Content-Type: [text/plain]
X-Reciva-Challenge-Format: [sernum]
X-Reciva-Session-Id: [55667788]
Set-Cookie: [JSESSIONID=ABCD1234ABCD1234; Path=/portal]
2021-10-06 22:09:41 INFO  com.felixalacampagne.recivaportal.RecivaPortalRest: getHeadChallenge: serial:0000df34 sp:v257-a-865-a-476
2021-10-06 22:09:41 DEBUG com.felixalacampagne.recivaportal.RecivaPortalRest: getHeadChallenge: headers
Accept: [*/*]
Host: [portal13.7803986842.com]
2021-10-06 22:09:41 DEBUG com.felixalacampagne.recivaportal.RecivaPortalRest: getHeadChallenge: params
serial: [0000df34]
sp: [v257-a-865-a-476]
2021-10-06 22:09:41 DEBUG com.felixalacampagne.recivaportal.RecivaPortalRest: makeChallengeResponse: response status: 200 Ok
2021-10-06 22:09:41 DEBUG com.felixalacampagne.recivaportal.RecivaPortalRest: makeChallengeResponse: response header:
Last-Modified: [Wed, 06 Oct 2021 20:09:41 GMT]
Expires: [Thu, 07 Oct 2021 20:09:41 GMT]
Location: [http://portal13.7803986842.com/portal/location]
Content-Location: [http://www.reciva.com/portal/content-location]
Content-Encoding: [UTF-8]
Content-Length: [8]
Content-Type: [text/plain]
X-Reciva-Challenge-Format: [sernum]
X-Reciva-Session-Id: [55667788]
Set-Cookie: [JSESSIONID=ABCD1234ABCD1234; Path=/portal]
2021-10-06 22:09:41 INFO  com.felixalacampagne.recivaportal.RecivaPortalRest: getHeadChallenge: serial:0000df34 sp:v257-a-865-a-476
2021-10-06 22:09:41 DEBUG com.felixalacampagne.recivaportal.RecivaPortalRest: getHeadChallenge: headers
Accept: [*/*]
Host: [portal14.7803986842.com]
2021-10-06 22:09:41 DEBUG com.felixalacampagne.recivaportal.RecivaPortalRest: getHeadChallenge: params
serial: [0000df34]
sp: [v257-a-865-a-476]
2021-10-06 22:09:41 DEBUG com.felixalacampagne.recivaportal.RecivaPortalRest: makeChallengeResponse: response status: 200 Ok
2021-10-06 22:09:41 DEBUG com.felixalacampagne.recivaportal.RecivaPortalRest: makeChallengeResponse: response header:
Last-Modified: [Wed, 06 Oct 2021 20:09:41 GMT]
Expires: [Thu, 07 Oct 2021 20:09:41 GMT]
Location: [http://portal14.7803986842.com/portal/location]
Content-Location: [http://www.reciva.com/portal/content-location]
Content-Encoding: [UTF-8]
Content-Length: [8]
Content-Type: [text/plain]
X-Reciva-Challenge-Format: [sernum]
X-Reciva-Session-Id: [55667788]
Set-Cookie: [JSESSIONID=ABCD1234ABCD1234; Path=/portal]
2021-10-06 22:09:41 INFO  com.felixalacampagne.recivaportal.RecivaPortalRest: getHeadChallenge: serial:0000df34 sp:v257-a-865-a-476
2021-10-06 22:09:41 DEBUG com.felixalacampagne.recivaportal.RecivaPortalRest: getHeadChallenge: headers
Accept: [*/*]
Host: [portal15.7803986842.com]
2021-10-06 22:09:41 DEBUG com.felixalacampagne.recivaportal.RecivaPortalRest: getHeadChallenge: params
serial: [0000df34]
sp: [v257-a-865-a-476]
2021-10-06 22:09:41 DEBUG com.felixalacampagne.recivaportal.RecivaPortalRest: makeChallengeResponse: response status: 200 Ok
2021-10-06 22:09:41 DEBUG com.felixalacampagne.recivaportal.RecivaPortalRest: makeChallengeResponse: response header:
Last-Modified: [Wed, 06 Oct 2021 20:09:41 GMT]
Expires: [Thu, 07 Oct 2021 20:09:41 GMT]
Location: [http://portal15.7803986842.com/portal/location]
Content-Location: [http://www.reciva.com/portal/content-location]
Content-Encoding: [UTF-8]
Content-Length: [8]
Content-Type: [text/plain]
X-Reciva-Challenge-Format: [sernum]
X-Reciva-Session-Id: [55667788]
Set-Cookie: [JSESSIONID=ABCD1234ABCD1234; Path=/portal]
2021-10-06 22:09:41 INFO  com.felixalacampagne.recivaportal.RecivaPortalRest: getHeadChallenge: serial:0000df34 sp:v257-a-865-a-476
2021-10-06 22:09:41 DEBUG com.felixalacampagne.recivaportal.RecivaPortalRest: getHeadChallenge: headers
Accept: [*/*]
Host: [portal16.7803986842.com]
2021-10-06 22:09:41 DEBUG com.felixalacampagne.recivaportal.RecivaPortalRest: getHeadChallenge: params
serial: [0000df34]
sp: [v257-a-865-a-476]
2021-10-06 22:09:41 DEBUG com.felixalacampagne.recivaportal.RecivaPortalRest: makeChallengeResponse: response status: 200 Ok
2021-10-06 22:09:41 DEBUG com.felixalacampagne.recivaportal.RecivaPortalRest: makeChallengeResponse: response header:
Last-Modified: [Wed, 06 Oct 2021 20:09:41 GMT]
Expires: [Thu, 07 Oct 2021 20:09:41 GMT]
Location: [http://portal16.7803986842.com/portal/location]
Content-Location: [http://www.reciva.com/portal/content-location]
Content-Encoding: [UTF-8]
Content-Length: [8]
Content-Type: [text/plain]
X-Reciva-Challenge-Format: [sernum]
X-Reciva-Session-Id: [55667788]
Set-Cookie: [JSESSIONID=ABCD1234ABCD1234; Path=/portal]
2021-10-06 22:21:00 INFO  com.felixalacampagne.recivaportal.RecivaPortalRest: getHeadChallenge: serial:0000df34 sp:v257-a-865-a-476
2021-10-06 22:21:00 INFO  com.felixalacampagne.recivaportal.RecivaPortalRest: getHeadChallenge: serial:0000df34 sp:v257-a-865-a-476
2021-10-06 22:21:00 DEBUG com.felixalacampagne.recivaportal.RecivaPortalRest: getHeadChallenge: headers
Accept: [*/*]
Host: [portal2.7803986842.com]
2021-10-06 22:21:00 DEBUG com.felixalacampagne.recivaportal.RecivaPortalRest: getHeadChallenge: headers
Accept: [*/*]
Host: [portal3.7803986842.com]
2021-10-06 22:21:00 DEBUG com.felixalacampagne.recivaportal.RecivaPortalRest: getHeadChallenge: params
serial: [0000df34]
sp: [v257-a-865-a-476]
2021-10-06 22:21:00 DEBUG com.felixalacampagne.recivaportal.RecivaPortalRest: getHeadChallenge: params
serial: [0000df34]
sp: [v257-a-865-a-476]
2021-10-06 22:21:00 DEBUG com.felixalacampagne.recivaportal.RecivaPortalRest: makeChallengeResponse: response status: 200 Ok
2021-10-06 22:21:00 DEBUG com.felixalacampagne.recivaportal.RecivaPortalRest: makeChallengeResponse: response status: 200 Ok
2021-10-06 22:21:00 DEBUG com.felixalacampagne.recivaportal.RecivaPortalRest: makeChallengeResponse: response header:
Last-Modified: [Wed, 06 Oct 2021 20:21:00 GMT]
Expires: [Thu, 07 Oct 2021 20:21:00 GMT]
Location: [http://portal2.7803986842.com/portal/location]
Content-Location: [http://www.reciva.com/portal/content-location]
Content-Encoding: [UTF-8]
Content-Length: [8]
Content-Type: [text/plain]
X-Reciva-Challenge-Format: [sernum]
X-Reciva-Session-Id: [55667788]
Set-Cookie: [JSESSIONID=ABCD1234ABCD1234; Path=/portal]
2021-10-06 22:21:00 DEBUG com.felixalacampagne.recivaportal.RecivaPortalRest: makeChallengeResponse: response header:
Last-Modified: [Wed, 06 Oct 2021 20:21:00 GMT]
Expires: [Thu, 07 Oct 2021 20:21:00 GMT]
Location: [http://portal3.7803986842.com/portal/location]
Content-Location: [http://www.reciva.com/portal/content-location]
Content-Encoding: [UTF-8]
Content-Length: [8]
Content-Type: [text/plain]
X-Reciva-Challenge-Format: [sernum]
X-Reciva-Session-Id: [55667788]
Set-Cookie: [JSESSIONID=ABCD1234ABCD1234; Path=/portal]
2021-10-06 22:21:00 INFO  com.felixalacampagne.recivaportal.RecivaPortalRest: getHeadChallenge: serial:0000df34 sp:v257-a-865-a-476
2021-10-06 22:21:00 DEBUG com.felixalacampagne.recivaportal.RecivaPortalRest: getHeadChallenge: headers
Accept: [*/*]
Host: [portal4.7803986842.com]
2021-10-06 22:21:00 DEBUG com.felixalacampagne.recivaportal.RecivaPortalRest: getHeadChallenge: params
serial: [0000df34]
sp: [v257-a-865-a-476]
2021-10-06 22:21:00 DEBUG com.felixalacampagne.recivaportal.RecivaPortalRest: makeChallengeResponse: response status: 200 Ok
2021-10-06 22:21:00 DEBUG com.felixalacampagne.recivaportal.RecivaPortalRest: makeChallengeResponse: response header:
Last-Modified: [Wed, 06 Oct 2021 20:21:00 GMT]
Expires: [Thu, 07 Oct 2021 20:21:00 GMT]
Location: [http://portal4.7803986842.com/portal/location]
Content-Location: [http://www.reciva.com/portal/content-location]
Content-Encoding: [UTF-8]
Content-Length: [8]
Content-Type: [text/plain]
X-Reciva-Challenge-Format: [sernum]
X-Reciva-Session-Id: [55667788]
Set-Cookie: [JSESSIONID=ABCD1234ABCD1234; Path=/portal]
2021-10-06 22:21:00 INFO  com.felixalacampagne.recivaportal.RecivaPortalRest: getHeadChallenge: serial:0000df34 sp:v257-a-865-a-476
2021-10-06 22:21:00 DEBUG com.felixalacampagne.recivaportal.RecivaPortalRest: getHeadChallenge: headers
Accept: [*/*]
Host: [portal5.7803986842.com]
2021-10-06 22:21:00 DEBUG com.felixalacampagne.recivaportal.RecivaPortalRest: getHeadChallenge: params
serial: [0000df34]
sp: [v257-a-865-a-476]
2021-10-06 22:21:00 DEBUG com.felixalacampagne.recivaportal.RecivaPortalRest: makeChallengeResponse: response status: 200 Ok
2021-10-06 22:21:00 DEBUG com.felixalacampagne.recivaportal.RecivaPortalRest: makeChallengeResponse: response header:
Last-Modified: [Wed, 06 Oct 2021 20:21:00 GMT]
Expires: [Thu, 07 Oct 2021 20:21:00 GMT]
Location: [http://portal5.7803986842.com/portal/location]
Content-Location: [http://www.reciva.com/portal/content-location]
Content-Encoding: [UTF-8]
Content-Length: [8]
Content-Type: [text/plain]
X-Reciva-Challenge-Format: [sernum]
X-Reciva-Session-Id: [55667788]
Set-Cookie: [JSESSIONID=ABCD1234ABCD1234; Path=/portal]
2021-10-06 22:21:01 INFO  com.felixalacampagne.recivaportal.RecivaPortalRest: getHeadChallenge: serial:0000df34 sp:v257-a-865-a-476
2021-10-06 22:21:01 DEBUG com.felixalacampagne.recivaportal.RecivaPortalRest: getHeadChallenge: headers
Accept: [*/*]
Host: [portal6.7803986842.com]
2021-10-06 22:21:01 DEBUG com.felixalacampagne.recivaportal.RecivaPortalRest: getHeadChallenge: params
serial: [0000df34]
sp: [v257-a-865-a-476]
2021-10-06 22:21:01 DEBUG com.felixalacampagne.recivaportal.RecivaPortalRest: makeChallengeResponse: response status: 200 Ok
2021-10-06 22:21:01 DEBUG com.felixalacampagne.recivaportal.RecivaPortalRest: makeChallengeResponse: response header:
Last-Modified: [Wed, 06 Oct 2021 20:21:01 GMT]
Expires: [Thu, 07 Oct 2021 20:21:01 GMT]
Location: [http://portal6.7803986842.com/portal/location]
Content-Location: [http://www.reciva.com/portal/content-location]
Content-Encoding: [UTF-8]
Content-Length: [8]
Content-Type: [text/plain]
X-Reciva-Challenge-Format: [sernum]
X-Reciva-Session-Id: [55667788]
Set-Cookie: [JSESSIONID=ABCD1234ABCD1234; Path=/portal]
2021-10-06 22:21:01 INFO  com.felixalacampagne.recivaportal.RecivaPortalRest: getHeadChallenge: serial:0000df34 sp:v257-a-865-a-476
2021-10-06 22:21:01 DEBUG com.felixalacampagne.recivaportal.RecivaPortalRest: getHeadChallenge: headers
Accept: [*/*]
Host: [portal7.7803986842.com]
2021-10-06 22:21:01 DEBUG com.felixalacampagne.recivaportal.RecivaPortalRest: getHeadChallenge: params
serial: [0000df34]
sp: [v257-a-865-a-476]
2021-10-06 22:21:01 DEBUG com.felixalacampagne.recivaportal.RecivaPortalRest: makeChallengeResponse: response status: 200 Ok
2021-10-06 22:21:01 DEBUG com.felixalacampagne.recivaportal.RecivaPortalRest: makeChallengeResponse: response header:
Last-Modified: [Wed, 06 Oct 2021 20:21:01 GMT]
Expires: [Thu, 07 Oct 2021 20:21:01 GMT]
Location: [http://portal7.7803986842.com/portal/location]
Content-Location: [http://www.reciva.com/portal/content-location]
Content-Encoding: [UTF-8]
Content-Length: [8]
Content-Type: [text/plain]
X-Reciva-Challenge-Format: [sernum]
X-Reciva-Session-Id: [55667788]
Set-Cookie: [JSESSIONID=ABCD1234ABCD1234; Path=/portal]
2021-10-06 22:21:01 INFO  com.felixalacampagne.recivaportal.RecivaPortalRest: getHeadChallenge: serial:0000df34 sp:v257-a-865-a-476
2021-10-06 22:21:01 DEBUG com.felixalacampagne.recivaportal.RecivaPortalRest: getHeadChallenge: headers
Accept: [*/*]
Host: [portal8.7803986842.com]
2021-10-06 22:21:01 DEBUG com.felixalacampagne.recivaportal.RecivaPortalRest: getHeadChallenge: params
serial: [0000df34]
sp: [v257-a-865-a-476]
2021-10-06 22:21:01 DEBUG com.felixalacampagne.recivaportal.RecivaPortalRest: makeChallengeResponse: response status: 200 Ok
2021-10-06 22:21:01 DEBUG com.felixalacampagne.recivaportal.RecivaPortalRest: makeChallengeResponse: response header:
Last-Modified: [Wed, 06 Oct 2021 20:21:01 GMT]
Expires: [Thu, 07 Oct 2021 20:21:01 GMT]
Location: [http://portal8.7803986842.com/portal/location]
Content-Location: [http://www.reciva.com/portal/content-location]
Content-Encoding: [UTF-8]
Content-Length: [8]
Content-Type: [text/plain]
X-Reciva-Challenge-Format: [sernum]
X-Reciva-Session-Id: [55667788]
Set-Cookie: [JSESSIONID=ABCD1234ABCD1234; Path=/portal]
2021-10-06 22:21:01 INFO  com.felixalacampagne.recivaportal.RecivaPortalRest: getHeadChallenge: serial:0000df34 sp:v257-a-865-a-476
2021-10-06 22:21:01 DEBUG com.felixalacampagne.recivaportal.RecivaPortalRest: getHeadChallenge: headers
Accept: [*/*]
Host: [portal9.7803986842.com]
2021-10-06 22:21:01 DEBUG com.felixalacampagne.recivaportal.RecivaPortalRest: getHeadChallenge: params
serial: [0000df34]
sp: [v257-a-865-a-476]
2021-10-06 22:21:01 DEBUG com.felixalacampagne.recivaportal.RecivaPortalRest: makeChallengeResponse: response status: 200 Ok
2021-10-06 22:21:01 DEBUG com.felixalacampagne.recivaportal.RecivaPortalRest: makeChallengeResponse: response header:
Last-Modified: [Wed, 06 Oct 2021 20:21:01 GMT]
Expires: [Thu, 07 Oct 2021 20:21:01 GMT]
Location: [http://portal9.7803986842.com/portal/location]
Content-Location: [http://www.reciva.com/portal/content-location]
Content-Encoding: [UTF-8]
Content-Length: [8]
Content-Type: [text/plain]
X-Reciva-Challenge-Format: [sernum]
X-Reciva-Session-Id: [55667788]
Set-Cookie: [JSESSIONID=ABCD1234ABCD1234; Path=/portal]
2021-10-06 22:21:01 INFO  com.felixalacampagne.recivaportal.RecivaPortalRest: getHeadChallenge: serial:0000df34 sp:v257-a-865-a-476
2021-10-06 22:21:01 DEBUG com.felixalacampagne.recivaportal.RecivaPortalRest: getHeadChallenge: headers
Accept: [*/*]
Host: [portal10.7803986842.com]
2021-10-06 22:21:01 DEBUG com.felixalacampagne.recivaportal.RecivaPortalRest: getHeadChallenge: params
serial: [0000df34]
sp: [v257-a-865-a-476]
2021-10-06 22:21:01 DEBUG com.felixalacampagne.recivaportal.RecivaPortalRest: makeChallengeResponse: response status: 200 Ok
2021-10-06 22:21:01 DEBUG com.felixalacampagne.recivaportal.RecivaPortalRest: makeChallengeResponse: response header:
Last-Modified: [Wed, 06 Oct 2021 20:21:01 GMT]
Expires: [Thu, 07 Oct 2021 20:21:01 GMT]
Location: [http://portal10.7803986842.com/portal/location]
Content-Location: [http://www.reciva.com/portal/content-location]
Content-Encoding: [UTF-8]
Content-Length: [8]
Content-Type: [text/plain]
X-Reciva-Challenge-Format: [sernum]
X-Reciva-Session-Id: [55667788]
Set-Cookie: [JSESSIONID=ABCD1234ABCD1234; Path=/portal]
2021-10-06 22:21:02 INFO  com.felixalacampagne.recivaportal.RecivaPortalRest: getHeadChallenge: serial:0000df34 sp:v257-a-865-a-476
2021-10-06 22:21:02 DEBUG com.felixalacampagne.recivaportal.RecivaPortalRest: getHeadChallenge: headers
Accept: [*/*]
Host: [portal11.7803986842.com]
2021-10-06 22:21:02 DEBUG com.felixalacampagne.recivaportal.RecivaPortalRest: getHeadChallenge: params
serial: [0000df34]
sp: [v257-a-865-a-476]
2021-10-06 22:21:02 DEBUG com.felixalacampagne.recivaportal.RecivaPortalRest: makeChallengeResponse: response status: 200 Ok
2021-10-06 22:21:02 DEBUG com.felixalacampagne.recivaportal.RecivaPortalRest: makeChallengeResponse: response header:
Last-Modified: [Wed, 06 Oct 2021 20:21:02 GMT]
Expires: [Thu, 07 Oct 2021 20:21:02 GMT]
Location: [http://portal11.7803986842.com/portal/location]
Content-Location: [http://www.reciva.com/portal/content-location]
Content-Encoding: [UTF-8]
Content-Length: [8]
Content-Type: [text/plain]
X-Reciva-Challenge-Format: [sernum]
X-Reciva-Session-Id: [55667788]
Set-Cookie: [JSESSIONID=ABCD1234ABCD1234; Path=/portal]
2021-10-06 22:21:02 INFO  com.felixalacampagne.recivaportal.RecivaPortalRest: getHeadChallenge: serial:0000df34 sp:v257-a-865-a-476
2021-10-06 22:21:02 DEBUG com.felixalacampagne.recivaportal.RecivaPortalRest: getHeadChallenge: headers
Accept: [*/*]
Host: [portal12.7803986842.com]
2021-10-06 22:21:02 DEBUG com.felixalacampagne.recivaportal.RecivaPortalRest: getHeadChallenge: params
serial: [0000df34]
sp: [v257-a-865-a-476]
2021-10-06 22:21:02 DEBUG com.felixalacampagne.recivaportal.RecivaPortalRest: makeChallengeResponse: response status: 200 Ok
2021-10-06 22:21:02 DEBUG com.felixalacampagne.recivaportal.RecivaPortalRest: makeChallengeResponse: response header:
Last-Modified: [Wed, 06 Oct 2021 20:21:02 GMT]
Expires: [Thu, 07 Oct 2021 20:21:02 GMT]
Location: [http://portal12.7803986842.com/portal/location]
Content-Location: [http://www.reciva.com/portal/content-location]
Content-Encoding: [UTF-8]
Content-Length: [8]
Content-Type: [text/plain]
X-Reciva-Challenge-Format: [sernum]
X-Reciva-Session-Id: [55667788]
Set-Cookie: [JSESSIONID=ABCD1234ABCD1234; Path=/portal]
2021-10-06 22:21:02 INFO  com.felixalacampagne.recivaportal.RecivaPortalRest: getHeadChallenge: serial:0000df34 sp:v257-a-865-a-476
2021-10-06 22:21:02 DEBUG com.felixalacampagne.recivaportal.RecivaPortalRest: getHeadChallenge: headers
Accept: [*/*]
Host: [portal1.7803986842.com]
2021-10-06 22:21:02 DEBUG com.felixalacampagne.recivaportal.RecivaPortalRest: getHeadChallenge: params
serial: [0000df34]
sp: [v257-a-865-a-476]
2021-10-06 22:21:02 DEBUG com.felixalacampagne.recivaportal.RecivaPortalRest: makeChallengeResponse: response status: 200 Ok
2021-10-06 22:21:02 DEBUG com.felixalacampagne.recivaportal.RecivaPortalRest: makeChallengeResponse: response header:
Last-Modified: [Wed, 06 Oct 2021 20:21:02 GMT]
Expires: [Thu, 07 Oct 2021 20:21:02 GMT]
Location: [http://portal1.7803986842.com/portal/location]
Content-Location: [http://www.reciva.com/portal/content-location]
Content-Encoding: [UTF-8]
Content-Length: [8]
Content-Type: [text/plain]
X-Reciva-Challenge-Format: [sernum]
X-Reciva-Session-Id: [55667788]
Set-Cookie: [JSESSIONID=ABCD1234ABCD1234; Path=/portal]
2021-10-06 22:21:02 INFO  com.felixalacampagne.recivaportal.RecivaPortalRest: getHeadChallenge: serial:0000df34 sp:v257-a-865-a-476
2021-10-06 22:21:02 DEBUG com.felixalacampagne.recivaportal.RecivaPortalRest: getHeadChallenge: headers
Accept: [*/*]
Host: [portal13.7803986842.com]
2021-10-06 22:21:02 DEBUG com.felixalacampagne.recivaportal.RecivaPortalRest: getHeadChallenge: params
serial: [0000df34]
sp: [v257-a-865-a-476]
2021-10-06 22:21:02 DEBUG com.felixalacampagne.recivaportal.RecivaPortalRest: makeChallengeResponse: response status: 200 Ok
2021-10-06 22:21:02 DEBUG com.felixalacampagne.recivaportal.RecivaPortalRest: makeChallengeResponse: response header:
Last-Modified: [Wed, 06 Oct 2021 20:21:02 GMT]
Expires: [Thu, 07 Oct 2021 20:21:02 GMT]
Location: [http://portal13.7803986842.com/portal/location]
Content-Location: [http://www.reciva.com/portal/content-location]
Content-Encoding: [UTF-8]
Content-Length: [8]
Content-Type: [text/plain]
X-Reciva-Challenge-Format: [sernum]
X-Reciva-Session-Id: [55667788]
Set-Cookie: [JSESSIONID=ABCD1234ABCD1234; Path=/portal]
2021-10-06 22:21:02 INFO  com.felixalacampagne.recivaportal.RecivaPortalRest: getHeadChallenge: serial:0000df34 sp:v257-a-865-a-476
2021-10-06 22:21:02 DEBUG com.felixalacampagne.recivaportal.RecivaPortalRest: getHeadChallenge: headers
Accept: [*/*]
Host: [portal14.7803986842.com]
2021-10-06 22:21:02 DEBUG com.felixalacampagne.recivaportal.RecivaPortalRest: getHeadChallenge: params
serial: [0000df34]
sp: [v257-a-865-a-476]
2021-10-06 22:21:02 DEBUG com.felixalacampagne.recivaportal.RecivaPortalRest: makeChallengeResponse: response status: 200 Ok
2021-10-06 22:21:02 DEBUG com.felixalacampagne.recivaportal.RecivaPortalRest: makeChallengeResponse: response header:
Last-Modified: [Wed, 06 Oct 2021 20:21:02 GMT]
Expires: [Thu, 07 Oct 2021 20:21:02 GMT]
Location: [http://portal14.7803986842.com/portal/location]
Content-Location: [http://www.reciva.com/portal/content-location]
Content-Encoding: [UTF-8]
Content-Length: [8]
Content-Type: [text/plain]
X-Reciva-Challenge-Format: [sernum]
X-Reciva-Session-Id: [55667788]
Set-Cookie: [JSESSIONID=ABCD1234ABCD1234; Path=/portal]
2021-10-06 22:21:02 INFO  com.felixalacampagne.recivaportal.RecivaPortalRest: getHeadChallenge: serial:0000df34 sp:v257-a-865-a-476
2021-10-06 22:21:02 DEBUG com.felixalacampagne.recivaportal.RecivaPortalRest: getHeadChallenge: headers
Accept: [*/*]
Host: [portal15.7803986842.com]
2021-10-06 22:21:02 DEBUG com.felixalacampagne.recivaportal.RecivaPortalRest: getHeadChallenge: params
serial: [0000df34]
sp: [v257-a-865-a-476]
2021-10-06 22:21:02 DEBUG com.felixalacampagne.recivaportal.RecivaPortalRest: makeChallengeResponse: response status: 200 Ok
2021-10-06 22:21:02 DEBUG com.felixalacampagne.recivaportal.RecivaPortalRest: makeChallengeResponse: response header:
Last-Modified: [Wed, 06 Oct 2021 20:21:02 GMT]
Expires: [Thu, 07 Oct 2021 20:21:02 GMT]
Location: [http://portal15.7803986842.com/portal/location]
Content-Location: [http://www.reciva.com/portal/content-location]
Content-Encoding: [UTF-8]
Content-Length: [8]
Content-Type: [text/plain]
X-Reciva-Challenge-Format: [sernum]
X-Reciva-Session-Id: [55667788]
Set-Cookie: [JSESSIONID=ABCD1234ABCD1234; Path=/portal]
2021-10-06 22:21:03 INFO  com.felixalacampagne.recivaportal.RecivaPortalRest: getHeadChallenge: serial:0000df34 sp:v257-a-865-a-476
2021-10-06 22:21:03 DEBUG com.felixalacampagne.recivaportal.RecivaPortalRest: getHeadChallenge: headers
Accept: [*/*]
Host: [portal16.7803986842.com]
2021-10-06 22:21:03 DEBUG com.felixalacampagne.recivaportal.RecivaPortalRest: getHeadChallenge: params
serial: [0000df34]
sp: [v257-a-865-a-476]
2021-10-06 22:21:03 DEBUG com.felixalacampagne.recivaportal.RecivaPortalRest: makeChallengeResponse: response status: 200 Ok
2021-10-06 22:21:03 DEBUG com.felixalacampagne.recivaportal.RecivaPortalRest: makeChallengeResponse: response header:
Last-Modified: [Wed, 06 Oct 2021 20:21:03 GMT]
Expires: [Thu, 07 Oct 2021 20:21:03 GMT]
Location: [http://portal16.7803986842.com/portal/location]
Content-Location: [http://www.reciva.com/portal/content-location]
Content-Encoding: [UTF-8]
Content-Length: [8]
Content-Type: [text/plain]
X-Reciva-Challenge-Format: [sernum]
X-Reciva-Session-Id: [55667788]
Set-Cookie: [JSESSIONID=ABCD1234ABCD1234; Path=/portal]
2021-10-06 22:21:13 INFO  com.felixalacampagne.recivaportal.RecivaPortalRest: getHeadChallenge: serial:0000df34 sp:v257-a-865-a-476
2021-10-06 22:21:13 DEBUG com.felixalacampagne.recivaportal.RecivaPortalRest: getHeadChallenge: headers
Accept: [*/*]
Host: [portal1.7803986842.com]
2021-10-06 22:21:13 DEBUG com.felixalacampagne.recivaportal.RecivaPortalRest: getHeadChallenge: params
serial: [0000df34]
sp: [v257-a-865-a-476]
2021-10-06 22:21:13 DEBUG com.felixalacampagne.recivaportal.RecivaPortalRest: makeChallengeResponse: response status: 200 Ok
2021-10-06 22:21:13 DEBUG com.felixalacampagne.recivaportal.RecivaPortalRest: makeChallengeResponse: response header:
Last-Modified: [Wed, 06 Oct 2021 20:21:13 GMT]
Expires: [Thu, 07 Oct 2021 20:21:13 GMT]
Location: [http://portal1.7803986842.com/portal/location]
Content-Location: [http://www.reciva.com/portal/content-location]
Content-Encoding: [UTF-8]
Content-Length: [8]
Content-Type: [text/plain]
X-Reciva-Challenge-Format: [sernum]
X-Reciva-Session-Id: [55667788]
Set-Cookie: [JSESSIONID=ABCD1234ABCD1234; Path=/portal]
2021-10-06 22:21:14 INFO  com.felixalacampagne.recivaportal.RecivaPortalRest: getHeadChallenge: serial:0000df34 sp:v257-a-865-a-476
2021-10-06 22:21:14 DEBUG com.felixalacampagne.recivaportal.RecivaPortalRest: getHeadChallenge: headers
Accept: [*/*]
Host: [portal2.7803986842.com]
2021-10-06 22:21:14 DEBUG com.felixalacampagne.recivaportal.RecivaPortalRest: getHeadChallenge: params
serial: [0000df34]
sp: [v257-a-865-a-476]
2021-10-06 22:21:14 DEBUG com.felixalacampagne.recivaportal.RecivaPortalRest: makeChallengeResponse: response status: 200 Ok
2021-10-06 22:21:14 DEBUG com.felixalacampagne.recivaportal.RecivaPortalRest: makeChallengeResponse: response header:
Last-Modified: [Wed, 06 Oct 2021 20:21:14 GMT]
Expires: [Thu, 07 Oct 2021 20:21:14 GMT]
Location: [http://portal2.7803986842.com/portal/location]
Content-Location: [http://www.reciva.com/portal/content-location]
Content-Encoding: [UTF-8]
Content-Length: [8]
Content-Type: [text/plain]
X-Reciva-Challenge-Format: [sernum]
X-Reciva-Session-Id: [55667788]
Set-Cookie: [JSESSIONID=ABCD1234ABCD1234; Path=/portal]
2021-10-06 22:21:14 INFO  com.felixalacampagne.recivaportal.RecivaPortalRest: getHeadChallenge: serial:0000df34 sp:v257-a-865-a-476
2021-10-06 22:21:14 DEBUG com.felixalacampagne.recivaportal.RecivaPortalRest: getHeadChallenge: headers
Accept: [*/*]
Host: [portal3.7803986842.com]
2021-10-06 22:21:14 DEBUG com.felixalacampagne.recivaportal.RecivaPortalRest: getHeadChallenge: params
serial: [0000df34]
sp: [v257-a-865-a-476]
2021-10-06 22:21:14 DEBUG com.felixalacampagne.recivaportal.RecivaPortalRest: makeChallengeResponse: response status: 200 Ok
2021-10-06 22:21:14 DEBUG com.felixalacampagne.recivaportal.RecivaPortalRest: makeChallengeResponse: response header:
Last-Modified: [Wed, 06 Oct 2021 20:21:14 GMT]
Expires: [Thu, 07 Oct 2021 20:21:14 GMT]
Location: [http://portal3.7803986842.com/portal/location]
Content-Location: [http://www.reciva.com/portal/content-location]
Content-Encoding: [UTF-8]
Content-Length: [8]
Content-Type: [text/plain]
X-Reciva-Challenge-Format: [sernum]
X-Reciva-Session-Id: [55667788]
Set-Cookie: [JSESSIONID=ABCD1234ABCD1234; Path=/portal]
2021-10-06 22:21:14 INFO  com.felixalacampagne.recivaportal.RecivaPortalRest: getHeadChallenge: serial:0000df34 sp:v257-a-865-a-476
2021-10-06 22:21:14 DEBUG com.felixalacampagne.recivaportal.RecivaPortalRest: getHeadChallenge: headers
Accept: [*/*]
Host: [portal4.7803986842.com]
2021-10-06 22:21:14 DEBUG com.felixalacampagne.recivaportal.RecivaPortalRest: getHeadChallenge: params
serial: [0000df34]
sp: [v257-a-865-a-476]
2021-10-06 22:21:14 DEBUG com.felixalacampagne.recivaportal.RecivaPortalRest: makeChallengeResponse: response status: 200 Ok
2021-10-06 22:21:14 DEBUG com.felixalacampagne.recivaportal.RecivaPortalRest: makeChallengeResponse: response header:
Last-Modified: [Wed, 06 Oct 2021 20:21:14 GMT]
Expires: [Thu, 07 Oct 2021 20:21:14 GMT]
Location: [http://portal4.7803986842.com/portal/location]
Content-Location: [http://www.reciva.com/portal/content-location]
Content-Encoding: [UTF-8]
Content-Length: [8]
Content-Type: [text/plain]
X-Reciva-Challenge-Format: [sernum]
X-Reciva-Session-Id: [55667788]
Set-Cookie: [JSESSIONID=ABCD1234ABCD1234; Path=/portal]
2021-10-06 22:21:14 INFO  com.felixalacampagne.recivaportal.RecivaPortalRest: getHeadChallenge: serial:0000df34 sp:v257-a-865-a-476
2021-10-06 22:21:14 DEBUG com.felixalacampagne.recivaportal.RecivaPortalRest: getHeadChallenge: headers
Accept: [*/*]
Host: [portal5.7803986842.com]
2021-10-06 22:21:14 DEBUG com.felixalacampagne.recivaportal.RecivaPortalRest: getHeadChallenge: params
serial: [0000df34]
sp: [v257-a-865-a-476]
2021-10-06 22:21:14 DEBUG com.felixalacampagne.recivaportal.RecivaPortalRest: makeChallengeResponse: response status: 200 Ok
2021-10-06 22:21:14 DEBUG com.felixalacampagne.recivaportal.RecivaPortalRest: makeChallengeResponse: response header:
Last-Modified: [Wed, 06 Oct 2021 20:21:14 GMT]
Expires: [Thu, 07 Oct 2021 20:21:14 GMT]
Location: [http://portal5.7803986842.com/portal/location]
Content-Location: [http://www.reciva.com/portal/content-location]
Content-Encoding: [UTF-8]
Content-Length: [8]
Content-Type: [text/plain]
X-Reciva-Challenge-Format: [sernum]
X-Reciva-Session-Id: [55667788]
Set-Cookie: [JSESSIONID=ABCD1234ABCD1234; Path=/portal]
2021-10-06 22:21:14 INFO  com.felixalacampagne.recivaportal.RecivaPortalRest: getHeadChallenge: serial:0000df34 sp:v257-a-865-a-476
2021-10-06 22:21:14 DEBUG com.felixalacampagne.recivaportal.RecivaPortalRest: getHeadChallenge: headers
Accept: [*/*]
Host: [portal6.7803986842.com]
2021-10-06 22:21:14 DEBUG com.felixalacampagne.recivaportal.RecivaPortalRest: getHeadChallenge: params
serial: [0000df34]
sp: [v257-a-865-a-476]
2021-10-06 22:21:14 DEBUG com.felixalacampagne.recivaportal.RecivaPortalRest: makeChallengeResponse: response status: 200 Ok
2021-10-06 22:21:14 DEBUG com.felixalacampagne.recivaportal.RecivaPortalRest: makeChallengeResponse: response header:
Last-Modified: [Wed, 06 Oct 2021 20:21:14 GMT]
Expires: [Thu, 07 Oct 2021 20:21:14 GMT]
Location: [http://portal6.7803986842.com/portal/location]
Content-Location: [http://www.reciva.com/portal/content-location]
Content-Encoding: [UTF-8]
Content-Length: [8]
Content-Type: [text/plain]
X-Reciva-Challenge-Format: [sernum]
X-Reciva-Session-Id: [55667788]
Set-Cookie: [JSESSIONID=ABCD1234ABCD1234; Path=/portal]
2021-10-06 22:21:15 INFO  com.felixalacampagne.recivaportal.RecivaPortalRest: getHeadChallenge: serial:0000df34 sp:v257-a-865-a-476
2021-10-06 22:21:15 DEBUG com.felixalacampagne.recivaportal.RecivaPortalRest: getHeadChallenge: headers
Accept: [*/*]
Host: [portal7.7803986842.com]
2021-10-06 22:21:15 DEBUG com.felixalacampagne.recivaportal.RecivaPortalRest: getHeadChallenge: params
serial: [0000df34]
sp: [v257-a-865-a-476]
2021-10-06 22:21:15 DEBUG com.felixalacampagne.recivaportal.RecivaPortalRest: makeChallengeResponse: response status: 200 Ok
2021-10-06 22:21:15 DEBUG com.felixalacampagne.recivaportal.RecivaPortalRest: makeChallengeResponse: response header:
Last-Modified: [Wed, 06 Oct 2021 20:21:15 GMT]
Expires: [Thu, 07 Oct 2021 20:21:15 GMT]
Location: [http://portal7.7803986842.com/portal/location]
Content-Location: [http://www.reciva.com/portal/content-location]
Content-Encoding: [UTF-8]
Content-Length: [8]
Content-Type: [text/plain]
X-Reciva-Challenge-Format: [sernum]
X-Reciva-Session-Id: [55667788]
Set-Cookie: [JSESSIONID=ABCD1234ABCD1234; Path=/portal]
2021-10-06 22:21:15 INFO  com.felixalacampagne.recivaportal.RecivaPortalRest: getHeadChallenge: serial:0000df34 sp:v257-a-865-a-476
2021-10-06 22:21:15 DEBUG com.felixalacampagne.recivaportal.RecivaPortalRest: getHeadChallenge: headers
Accept: [*/*]
Host: [portal8.7803986842.com]
2021-10-06 22:21:15 DEBUG com.felixalacampagne.recivaportal.RecivaPortalRest: getHeadChallenge: params
serial: [0000df34]
sp: [v257-a-865-a-476]
2021-10-06 22:21:15 DEBUG com.felixalacampagne.recivaportal.RecivaPortalRest: makeChallengeResponse: response status: 200 Ok
2021-10-06 22:21:15 DEBUG com.felixalacampagne.recivaportal.RecivaPortalRest: makeChallengeResponse: response header:
Last-Modified: [Wed, 06 Oct 2021 20:21:15 GMT]
Expires: [Thu, 07 Oct 2021 20:21:15 GMT]
Location: [http://portal8.7803986842.com/portal/location]
Content-Location: [http://www.reciva.com/portal/content-location]
Content-Encoding: [UTF-8]
Content-Length: [8]
Content-Type: [text/plain]
X-Reciva-Challenge-Format: [sernum]
X-Reciva-Session-Id: [55667788]
Set-Cookie: [JSESSIONID=ABCD1234ABCD1234; Path=/portal]
2021-10-06 22:21:15 INFO  com.felixalacampagne.recivaportal.RecivaPortalRest: getHeadChallenge: serial:0000df34 sp:v257-a-865-a-476
2021-10-06 22:21:15 DEBUG com.felixalacampagne.recivaportal.RecivaPortalRest: getHeadChallenge: headers
Accept: [*/*]
Host: [portal9.7803986842.com]
2021-10-06 22:21:15 DEBUG com.felixalacampagne.recivaportal.RecivaPortalRest: getHeadChallenge: params
serial: [0000df34]
sp: [v257-a-865-a-476]
2021-10-06 22:21:15 DEBUG com.felixalacampagne.recivaportal.RecivaPortalRest: makeChallengeResponse: response status: 200 Ok
2021-10-06 22:21:15 DEBUG com.felixalacampagne.recivaportal.RecivaPortalRest: makeChallengeResponse: response header:
Last-Modified: [Wed, 06 Oct 2021 20:21:15 GMT]
Expires: [Thu, 07 Oct 2021 20:21:15 GMT]
Location: [http://portal9.7803986842.com/portal/location]
Content-Location: [http://www.reciva.com/portal/content-location]
Content-Encoding: [UTF-8]
Content-Length: [8]
Content-Type: [text/plain]
X-Reciva-Challenge-Format: [sernum]
X-Reciva-Session-Id: [55667788]
Set-Cookie: [JSESSIONID=ABCD1234ABCD1234; Path=/portal]
2021-10-06 22:21:15 INFO  com.felixalacampagne.recivaportal.RecivaPortalRest: getHeadChallenge: serial:0000df34 sp:v257-a-865-a-476
2021-10-06 22:21:15 DEBUG com.felixalacampagne.recivaportal.RecivaPortalRest: getHeadChallenge: headers
Accept: [*/*]
Host: [portal10.7803986842.com]
2021-10-06 22:21:15 DEBUG com.felixalacampagne.recivaportal.RecivaPortalRest: getHeadChallenge: params
serial: [0000df34]
sp: [v257-a-865-a-476]
2021-10-06 22:21:15 DEBUG com.felixalacampagne.recivaportal.RecivaPortalRest: makeChallengeResponse: response status: 200 Ok
2021-10-06 22:21:15 DEBUG com.felixalacampagne.recivaportal.RecivaPortalRest: makeChallengeResponse: response header:
Last-Modified: [Wed, 06 Oct 2021 20:21:15 GMT]
Expires: [Thu, 07 Oct 2021 20:21:15 GMT]
Location: [http://portal10.7803986842.com/portal/location]
Content-Location: [http://www.reciva.com/portal/content-location]
Content-Encoding: [UTF-8]
Content-Length: [8]
Content-Type: [text/plain]
X-Reciva-Challenge-Format: [sernum]
X-Reciva-Session-Id: [55667788]
Set-Cookie: [JSESSIONID=ABCD1234ABCD1234; Path=/portal]
2021-10-06 22:21:15 INFO  com.felixalacampagne.recivaportal.RecivaPortalRest: getHeadChallenge: serial:0000df34 sp:v257-a-865-a-476
2021-10-06 22:21:15 DEBUG com.felixalacampagne.recivaportal.RecivaPortalRest: getHeadChallenge: headers
Accept: [*/*]
Host: [portal11.7803986842.com]
2021-10-06 22:21:15 DEBUG com.felixalacampagne.recivaportal.RecivaPortalRest: getHeadChallenge: params
serial: [0000df34]
sp: [v257-a-865-a-476]
2021-10-06 22:21:15 DEBUG com.felixalacampagne.recivaportal.RecivaPortalRest: makeChallengeResponse: response status: 200 Ok
2021-10-06 22:21:15 DEBUG com.felixalacampagne.recivaportal.RecivaPortalRest: makeChallengeResponse: response header:
Last-Modified: [Wed, 06 Oct 2021 20:21:15 GMT]
Expires: [Thu, 07 Oct 2021 20:21:15 GMT]
Location: [http://portal11.7803986842.com/portal/location]
Content-Location: [http://www.reciva.com/portal/content-location]
Content-Encoding: [UTF-8]
Content-Length: [8]
Content-Type: [text/plain]
X-Reciva-Challenge-Format: [sernum]
X-Reciva-Session-Id: [55667788]
Set-Cookie: [JSESSIONID=ABCD1234ABCD1234; Path=/portal]
2021-10-06 22:21:16 INFO  com.felixalacampagne.recivaportal.RecivaPortalRest: getHeadChallenge: serial:0000df34 sp:v257-a-865-a-476
2021-10-06 22:21:16 DEBUG com.felixalacampagne.recivaportal.RecivaPortalRest: getHeadChallenge: headers
Accept: [*/*]
Host: [portal12.7803986842.com]
2021-10-06 22:21:16 DEBUG com.felixalacampagne.recivaportal.RecivaPortalRest: getHeadChallenge: params
serial: [0000df34]
sp: [v257-a-865-a-476]
2021-10-06 22:21:16 DEBUG com.felixalacampagne.recivaportal.RecivaPortalRest: makeChallengeResponse: response status: 200 Ok
2021-10-06 22:21:16 DEBUG com.felixalacampagne.recivaportal.RecivaPortalRest: makeChallengeResponse: response header:
Last-Modified: [Wed, 06 Oct 2021 20:21:16 GMT]
Expires: [Thu, 07 Oct 2021 20:21:16 GMT]
Location: [http://portal12.7803986842.com/portal/location]
Content-Location: [http://www.reciva.com/portal/content-location]
Content-Encoding: [UTF-8]
Content-Length: [8]
Content-Type: [text/plain]
X-Reciva-Challenge-Format: [sernum]
X-Reciva-Session-Id: [55667788]
Set-Cookie: [JSESSIONID=ABCD1234ABCD1234; Path=/portal]
2021-10-06 22:21:16 INFO  com.felixalacampagne.recivaportal.RecivaPortalRest: getHeadChallenge: serial:0000df34 sp:v257-a-865-a-476
2021-10-06 22:21:16 DEBUG com.felixalacampagne.recivaportal.RecivaPortalRest: getHeadChallenge: headers
Accept: [*/*]
Host: [portal13.7803986842.com]
2021-10-06 22:21:16 DEBUG com.felixalacampagne.recivaportal.RecivaPortalRest: getHeadChallenge: params
serial: [0000df34]
sp: [v257-a-865-a-476]
2021-10-06 22:21:16 DEBUG com.felixalacampagne.recivaportal.RecivaPortalRest: makeChallengeResponse: response status: 200 Ok
2021-10-06 22:21:16 DEBUG com.felixalacampagne.recivaportal.RecivaPortalRest: makeChallengeResponse: response header:
Last-Modified: [Wed, 06 Oct 2021 20:21:16 GMT]
Expires: [Thu, 07 Oct 2021 20:21:16 GMT]
Location: [http://portal13.7803986842.com/portal/location]
Content-Location: [http://www.reciva.com/portal/content-location]
Content-Encoding: [UTF-8]
Content-Length: [8]
Content-Type: [text/plain]
X-Reciva-Challenge-Format: [sernum]
X-Reciva-Session-Id: [55667788]
Set-Cookie: [JSESSIONID=ABCD1234ABCD1234; Path=/portal]
2021-10-06 22:21:16 INFO  com.felixalacampagne.recivaportal.RecivaPortalRest: getHeadChallenge: serial:0000df34 sp:v257-a-865-a-476
2021-10-06 22:21:16 DEBUG com.felixalacampagne.recivaportal.RecivaPortalRest: getHeadChallenge: headers
Accept: [*/*]
Host: [portal14.7803986842.com]
2021-10-06 22:21:16 DEBUG com.felixalacampagne.recivaportal.RecivaPortalRest: getHeadChallenge: params
serial: [0000df34]
sp: [v257-a-865-a-476]
2021-10-06 22:21:16 DEBUG com.felixalacampagne.recivaportal.RecivaPortalRest: makeChallengeResponse: response status: 200 Ok
2021-10-06 22:21:16 DEBUG com.felixalacampagne.recivaportal.RecivaPortalRest: makeChallengeResponse: response header:
Last-Modified: [Wed, 06 Oct 2021 20:21:16 GMT]
Expires: [Thu, 07 Oct 2021 20:21:16 GMT]
Location: [http://portal14.7803986842.com/portal/location]
Content-Location: [http://www.reciva.com/portal/content-location]
Content-Encoding: [UTF-8]
Content-Length: [8]
Content-Type: [text/plain]
X-Reciva-Challenge-Format: [sernum]
X-Reciva-Session-Id: [55667788]
Set-Cookie: [JSESSIONID=ABCD1234ABCD1234; Path=/portal]
2021-10-06 22:21:16 INFO  com.felixalacampagne.recivaportal.RecivaPortalRest: getHeadChallenge: serial:0000df34 sp:v257-a-865-a-476
2021-10-06 22:21:16 DEBUG com.felixalacampagne.recivaportal.RecivaPortalRest: getHeadChallenge: headers
Accept: [*/*]
Host: [portal15.7803986842.com]
2021-10-06 22:21:16 DEBUG com.felixalacampagne.recivaportal.RecivaPortalRest: getHeadChallenge: params
serial: [0000df34]
sp: [v257-a-865-a-476]
2021-10-06 22:21:16 DEBUG com.felixalacampagne.recivaportal.RecivaPortalRest: makeChallengeResponse: response status: 200 Ok
2021-10-06 22:21:16 DEBUG com.felixalacampagne.recivaportal.RecivaPortalRest: makeChallengeResponse: response header:
Last-Modified: [Wed, 06 Oct 2021 20:21:16 GMT]
Expires: [Thu, 07 Oct 2021 20:21:16 GMT]
Location: [http://portal15.7803986842.com/portal/location]
Content-Location: [http://www.reciva.com/portal/content-location]
Content-Encoding: [UTF-8]
Content-Length: [8]
Content-Type: [text/plain]
X-Reciva-Challenge-Format: [sernum]
X-Reciva-Session-Id: [55667788]
Set-Cookie: [JSESSIONID=ABCD1234ABCD1234; Path=/portal]
2021-10-06 22:21:17 INFO  com.felixalacampagne.recivaportal.RecivaPortalRest: getHeadChallenge: serial:0000df34 sp:v257-a-865-a-476
2021-10-06 22:21:17 DEBUG com.felixalacampagne.recivaportal.RecivaPortalRest: getHeadChallenge: headers
Accept: [*/*]
Host: [portal16.7803986842.com]
2021-10-06 22:21:17 DEBUG com.felixalacampagne.recivaportal.RecivaPortalRest: getHeadChallenge: params
serial: [0000df34]
sp: [v257-a-865-a-476]
2021-10-06 22:21:17 DEBUG com.felixalacampagne.recivaportal.RecivaPortalRest: makeChallengeResponse: response status: 200 Ok
2021-10-06 22:21:17 DEBUG com.felixalacampagne.recivaportal.RecivaPortalRest: makeChallengeResponse: response header:
Last-Modified: [Wed, 06 Oct 2021 20:21:17 GMT]
Expires: [Thu, 07 Oct 2021 20:21:17 GMT]
Location: [http://portal16.7803986842.com/portal/location]
Content-Location: [http://www.reciva.com/portal/content-location]
Content-Encoding: [UTF-8]
Content-Length: [8]
Content-Type: [text/plain]
X-Reciva-Challenge-Format: [sernum]
X-Reciva-Session-Id: [55667788]
Set-Cookie: [JSESSIONID=ABCD1234ABCD1234; Path=/portal]
2021-10-06 22:21:26 INFO  com.felixalacampagne.recivaportal.RecivaPortalRest: getHeadChallenge: serial:0000df34 sp:v257-a-865-a-476
2021-10-06 22:21:26 DEBUG com.felixalacampagne.recivaportal.RecivaPortalRest: getHeadChallenge: headers
Accept: [*/*]
Host: [portal1.7803986842.com]
2021-10-06 22:21:26 DEBUG com.felixalacampagne.recivaportal.RecivaPortalRest: getHeadChallenge: params
serial: [0000df34]
sp: [v257-a-865-a-476]
2021-10-06 22:21:26 DEBUG com.felixalacampagne.recivaportal.RecivaPortalRest: makeChallengeResponse: response status: 200 Ok
2021-10-06 22:21:26 DEBUG com.felixalacampagne.recivaportal.RecivaPortalRest: makeChallengeResponse: response header:
Last-Modified: [Wed, 06 Oct 2021 20:21:26 GMT]
Expires: [Thu, 07 Oct 2021 20:21:26 GMT]
Location: [http://portal1.7803986842.com/portal/location]
Content-Location: [http://www.reciva.com/portal/content-location]
Content-Encoding: [UTF-8]
Content-Length: [8]
Content-Type: [text/plain]
X-Reciva-Challenge-Format: [sernum]
X-Reciva-Session-Id: [55667788]
Set-Cookie: [JSESSIONID=ABCD1234ABCD1234; Path=/portal]
2021-10-06 22:21:27 INFO  com.felixalacampagne.recivaportal.RecivaPortalRest: getHeadChallenge: serial:0000df34 sp:v257-a-865-a-476
2021-10-06 22:21:27 DEBUG com.felixalacampagne.recivaportal.RecivaPortalRest: getHeadChallenge: headers
Accept: [*/*]
Host: [portal2.7803986842.com]
2021-10-06 22:21:27 DEBUG com.felixalacampagne.recivaportal.RecivaPortalRest: getHeadChallenge: params
serial: [0000df34]
sp: [v257-a-865-a-476]
2021-10-06 22:21:27 DEBUG com.felixalacampagne.recivaportal.RecivaPortalRest: makeChallengeResponse: response status: 200 Ok
2021-10-06 22:21:27 DEBUG com.felixalacampagne.recivaportal.RecivaPortalRest: makeChallengeResponse: response header:
Last-Modified: [Wed, 06 Oct 2021 20:21:27 GMT]
Expires: [Thu, 07 Oct 2021 20:21:27 GMT]
Location: [http://portal2.7803986842.com/portal/location]
Content-Location: [http://www.reciva.com/portal/content-location]
Content-Encoding: [UTF-8]
Content-Length: [8]
Content-Type: [text/plain]
X-Reciva-Challenge-Format: [sernum]
X-Reciva-Session-Id: [55667788]
Set-Cookie: [JSESSIONID=ABCD1234ABCD1234; Path=/portal]
2021-10-06 22:21:27 INFO  com.felixalacampagne.recivaportal.RecivaPortalRest: getHeadChallenge: serial:0000df34 sp:v257-a-865-a-476
2021-10-06 22:21:27 DEBUG com.felixalacampagne.recivaportal.RecivaPortalRest: getHeadChallenge: headers
Accept: [*/*]
Host: [portal3.7803986842.com]
2021-10-06 22:21:27 DEBUG com.felixalacampagne.recivaportal.RecivaPortalRest: getHeadChallenge: params
serial: [0000df34]
sp: [v257-a-865-a-476]
2021-10-06 22:21:27 DEBUG com.felixalacampagne.recivaportal.RecivaPortalRest: makeChallengeResponse: response status: 200 Ok
2021-10-06 22:21:27 DEBUG com.felixalacampagne.recivaportal.RecivaPortalRest: makeChallengeResponse: response header:
Last-Modified: [Wed, 06 Oct 2021 20:21:27 GMT]
Expires: [Thu, 07 Oct 2021 20:21:27 GMT]
Location: [http://portal3.7803986842.com/portal/location]
Content-Location: [http://www.reciva.com/portal/content-location]
Content-Encoding: [UTF-8]
Content-Length: [8]
Content-Type: [text/plain]
X-Reciva-Challenge-Format: [sernum]
X-Reciva-Session-Id: [55667788]
Set-Cookie: [JSESSIONID=ABCD1234ABCD1234; Path=/portal]
2021-10-06 22:21:27 INFO  com.felixalacampagne.recivaportal.RecivaPortalRest: getHeadChallenge: serial:0000df34 sp:v257-a-865-a-476
2021-10-06 22:21:27 DEBUG com.felixalacampagne.recivaportal.RecivaPortalRest: getHeadChallenge: headers
Accept: [*/*]
Host: [portal4.7803986842.com]
2021-10-06 22:21:27 DEBUG com.felixalacampagne.recivaportal.RecivaPortalRest: getHeadChallenge: params
serial: [0000df34]
sp: [v257-a-865-a-476]
2021-10-06 22:21:27 DEBUG com.felixalacampagne.recivaportal.RecivaPortalRest: makeChallengeResponse: response status: 200 Ok
2021-10-06 22:21:27 DEBUG com.felixalacampagne.recivaportal.RecivaPortalRest: makeChallengeResponse: response header:
Last-Modified: [Wed, 06 Oct 2021 20:21:27 GMT]
Expires: [Thu, 07 Oct 2021 20:21:27 GMT]
Location: [http://portal4.7803986842.com/portal/location]
Content-Location: [http://www.reciva.com/portal/content-location]
Content-Encoding: [UTF-8]
Content-Length: [8]
Content-Type: [text/plain]
X-Reciva-Challenge-Format: [sernum]
X-Reciva-Session-Id: [55667788]
Set-Cookie: [JSESSIONID=ABCD1234ABCD1234; Path=/portal]
2021-10-06 22:21:27 INFO  com.felixalacampagne.recivaportal.RecivaPortalRest: getHeadChallenge: serial:0000df34 sp:v257-a-865-a-476
2021-10-06 22:21:27 DEBUG com.felixalacampagne.recivaportal.RecivaPortalRest: getHeadChallenge: headers
Accept: [*/*]
Host: [portal5.7803986842.com]
2021-10-06 22:21:27 DEBUG com.felixalacampagne.recivaportal.RecivaPortalRest: getHeadChallenge: params
serial: [0000df34]
sp: [v257-a-865-a-476]
2021-10-06 22:21:27 DEBUG com.felixalacampagne.recivaportal.RecivaPortalRest: makeChallengeResponse: response status: 200 Ok
2021-10-06 22:21:27 DEBUG com.felixalacampagne.recivaportal.RecivaPortalRest: makeChallengeResponse: response header:
Last-Modified: [Wed, 06 Oct 2021 20:21:27 GMT]
Expires: [Thu, 07 Oct 2021 20:21:27 GMT]
Location: [http://portal5.7803986842.com/portal/location]
Content-Location: [http://www.reciva.com/portal/content-location]
Content-Encoding: [UTF-8]
Content-Length: [8]
Content-Type: [text/plain]
X-Reciva-Challenge-Format: [sernum]
X-Reciva-Session-Id: [55667788]
Set-Cookie: [JSESSIONID=ABCD1234ABCD1234; Path=/portal]
2021-10-06 22:21:27 INFO  com.felixalacampagne.recivaportal.RecivaPortalRest: getHeadChallenge: serial:0000df34 sp:v257-a-865-a-476
2021-10-06 22:21:27 DEBUG com.felixalacampagne.recivaportal.RecivaPortalRest: getHeadChallenge: headers
Accept: [*/*]
Host: [portal6.7803986842.com]
2021-10-06 22:21:27 DEBUG com.felixalacampagne.recivaportal.RecivaPortalRest: getHeadChallenge: params
serial: [0000df34]
sp: [v257-a-865-a-476]
2021-10-06 22:21:27 DEBUG com.felixalacampagne.recivaportal.RecivaPortalRest: makeChallengeResponse: response status: 200 Ok
2021-10-06 22:21:27 DEBUG com.felixalacampagne.recivaportal.RecivaPortalRest: makeChallengeResponse: response header:
Last-Modified: [Wed, 06 Oct 2021 20:21:27 GMT]
Expires: [Thu, 07 Oct 2021 20:21:27 GMT]
Location: [http://portal6.7803986842.com/portal/location]
Content-Location: [http://www.reciva.com/portal/content-location]
Content-Encoding: [UTF-8]
Content-Length: [8]
Content-Type: [text/plain]
X-Reciva-Challenge-Format: [sernum]
X-Reciva-Session-Id: [55667788]
Set-Cookie: [JSESSIONID=ABCD1234ABCD1234; Path=/portal]
2021-10-06 22:21:28 INFO  com.felixalacampagne.recivaportal.RecivaPortalRest: getHeadChallenge: serial:0000df34 sp:v257-a-865-a-476
2021-10-06 22:21:28 DEBUG com.felixalacampagne.recivaportal.RecivaPortalRest: getHeadChallenge: headers
Accept: [*/*]
Host: [portal7.7803986842.com]
2021-10-06 22:21:28 DEBUG com.felixalacampagne.recivaportal.RecivaPortalRest: getHeadChallenge: params
serial: [0000df34]
sp: [v257-a-865-a-476]
2021-10-06 22:21:28 DEBUG com.felixalacampagne.recivaportal.RecivaPortalRest: makeChallengeResponse: response status: 200 Ok
2021-10-06 22:21:28 DEBUG com.felixalacampagne.recivaportal.RecivaPortalRest: makeChallengeResponse: response header:
Last-Modified: [Wed, 06 Oct 2021 20:21:28 GMT]
Expires: [Thu, 07 Oct 2021 20:21:28 GMT]
Location: [http://portal7.7803986842.com/portal/location]
Content-Location: [http://www.reciva.com/portal/content-location]
Content-Encoding: [UTF-8]
Content-Length: [8]
Content-Type: [text/plain]
X-Reciva-Challenge-Format: [sernum]
X-Reciva-Session-Id: [55667788]
Set-Cookie: [JSESSIONID=ABCD1234ABCD1234; Path=/portal]
2021-10-06 22:21:28 INFO  com.felixalacampagne.recivaportal.RecivaPortalRest: getHeadChallenge: serial:0000df34 sp:v257-a-865-a-476
2021-10-06 22:21:28 DEBUG com.felixalacampagne.recivaportal.RecivaPortalRest: getHeadChallenge: headers
Accept: [*/*]
Host: [portal8.7803986842.com]
2021-10-06 22:21:28 DEBUG com.felixalacampagne.recivaportal.RecivaPortalRest: getHeadChallenge: params
serial: [0000df34]
sp: [v257-a-865-a-476]
2021-10-06 22:21:28 DEBUG com.felixalacampagne.recivaportal.RecivaPortalRest: makeChallengeResponse: response status: 200 Ok
2021-10-06 22:21:28 DEBUG com.felixalacampagne.recivaportal.RecivaPortalRest: makeChallengeResponse: response header:
Last-Modified: [Wed, 06 Oct 2021 20:21:28 GMT]
Expires: [Thu, 07 Oct 2021 20:21:28 GMT]
Location: [http://portal8.7803986842.com/portal/location]
Content-Location: [http://www.reciva.com/portal/content-location]
Content-Encoding: [UTF-8]
Content-Length: [8]
Content-Type: [text/plain]
X-Reciva-Challenge-Format: [sernum]
X-Reciva-Session-Id: [55667788]
Set-Cookie: [JSESSIONID=ABCD1234ABCD1234; Path=/portal]
2021-10-06 22:21:28 INFO  com.felixalacampagne.recivaportal.RecivaPortalRest: getHeadChallenge: serial:0000df34 sp:v257-a-865-a-476
2021-10-06 22:21:28 DEBUG com.felixalacampagne.recivaportal.RecivaPortalRest: getHeadChallenge: headers
Accept: [*/*]
Host: [portal9.7803986842.com]
2021-10-06 22:21:28 DEBUG com.felixalacampagne.recivaportal.RecivaPortalRest: getHeadChallenge: params
serial: [0000df34]
sp: [v257-a-865-a-476]
2021-10-06 22:21:28 DEBUG com.felixalacampagne.recivaportal.RecivaPortalRest: makeChallengeResponse: response status: 200 Ok
2021-10-06 22:21:28 DEBUG com.felixalacampagne.recivaportal.RecivaPortalRest: makeChallengeResponse: response header:
Last-Modified: [Wed, 06 Oct 2021 20:21:28 GMT]
Expires: [Thu, 07 Oct 2021 20:21:28 GMT]
Location: [http://portal9.7803986842.com/portal/location]
Content-Location: [http://www.reciva.com/portal/content-location]
Content-Encoding: [UTF-8]
Content-Length: [8]
Content-Type: [text/plain]
X-Reciva-Challenge-Format: [sernum]
X-Reciva-Session-Id: [55667788]
Set-Cookie: [JSESSIONID=ABCD1234ABCD1234; Path=/portal]
2021-10-06 22:21:28 INFO  com.felixalacampagne.recivaportal.RecivaPortalRest: getHeadChallenge: serial:0000df34 sp:v257-a-865-a-476
2021-10-06 22:21:28 DEBUG com.felixalacampagne.recivaportal.RecivaPortalRest: getHeadChallenge: headers
Accept: [*/*]
Host: [portal10.7803986842.com]
2021-10-06 22:21:28 DEBUG com.felixalacampagne.recivaportal.RecivaPortalRest: getHeadChallenge: params
serial: [0000df34]
sp: [v257-a-865-a-476]
2021-10-06 22:21:28 DEBUG com.felixalacampagne.recivaportal.RecivaPortalRest: makeChallengeResponse: response status: 200 Ok
2021-10-06 22:21:28 DEBUG com.felixalacampagne.recivaportal.RecivaPortalRest: makeChallengeResponse: response header:
Last-Modified: [Wed, 06 Oct 2021 20:21:28 GMT]
Expires: [Thu, 07 Oct 2021 20:21:28 GMT]
Location: [http://portal10.7803986842.com/portal/location]
Content-Location: [http://www.reciva.com/portal/content-location]
Content-Encoding: [UTF-8]
Content-Length: [8]
Content-Type: [text/plain]
X-Reciva-Challenge-Format: [sernum]
X-Reciva-Session-Id: [55667788]
Set-Cookie: [JSESSIONID=ABCD1234ABCD1234; Path=/portal]
2021-10-06 22:21:29 INFO  com.felixalacampagne.recivaportal.RecivaPortalRest: getHeadChallenge: serial:0000df34 sp:v257-a-865-a-476
2021-10-06 22:21:29 DEBUG com.felixalacampagne.recivaportal.RecivaPortalRest: getHeadChallenge: headers
Accept: [*/*]
Host: [portal11.7803986842.com]
2021-10-06 22:21:29 DEBUG com.felixalacampagne.recivaportal.RecivaPortalRest: getHeadChallenge: params
serial: [0000df34]
sp: [v257-a-865-a-476]
2021-10-06 22:21:29 DEBUG com.felixalacampagne.recivaportal.RecivaPortalRest: makeChallengeResponse: response status: 200 Ok
2021-10-06 22:21:29 DEBUG com.felixalacampagne.recivaportal.RecivaPortalRest: makeChallengeResponse: response header:
Last-Modified: [Wed, 06 Oct 2021 20:21:29 GMT]
Expires: [Thu, 07 Oct 2021 20:21:29 GMT]
Location: [http://portal11.7803986842.com/portal/location]
Content-Location: [http://www.reciva.com/portal/content-location]
Content-Encoding: [UTF-8]
Content-Length: [8]
Content-Type: [text/plain]
X-Reciva-Challenge-Format: [sernum]
X-Reciva-Session-Id: [55667788]
Set-Cookie: [JSESSIONID=ABCD1234ABCD1234; Path=/portal]
2021-10-06 22:21:29 INFO  com.felixalacampagne.recivaportal.RecivaPortalRest: getHeadChallenge: serial:0000df34 sp:v257-a-865-a-476
2021-10-06 22:21:29 DEBUG com.felixalacampagne.recivaportal.RecivaPortalRest: getHeadChallenge: headers
Accept: [*/*]
Host: [portal12.7803986842.com]
2021-10-06 22:21:29 DEBUG com.felixalacampagne.recivaportal.RecivaPortalRest: getHeadChallenge: params
serial: [0000df34]
sp: [v257-a-865-a-476]
2021-10-06 22:21:29 DEBUG com.felixalacampagne.recivaportal.RecivaPortalRest: makeChallengeResponse: response status: 200 Ok
2021-10-06 22:21:29 DEBUG com.felixalacampagne.recivaportal.RecivaPortalRest: makeChallengeResponse: response header:
Last-Modified: [Wed, 06 Oct 2021 20:21:29 GMT]
Expires: [Thu, 07 Oct 2021 20:21:29 GMT]
Location: [http://portal12.7803986842.com/portal/location]
Content-Location: [http://www.reciva.com/portal/content-location]
Content-Encoding: [UTF-8]
Content-Length: [8]
Content-Type: [text/plain]
X-Reciva-Challenge-Format: [sernum]
X-Reciva-Session-Id: [55667788]
Set-Cookie: [JSESSIONID=ABCD1234ABCD1234; Path=/portal]
2021-10-06 22:21:29 INFO  com.felixalacampagne.recivaportal.RecivaPortalRest: getHeadChallenge: serial:0000df34 sp:v257-a-865-a-476
2021-10-06 22:21:29 DEBUG com.felixalacampagne.recivaportal.RecivaPortalRest: getHeadChallenge: headers
Accept: [*/*]
Host: [portal13.7803986842.com]
2021-10-06 22:21:29 DEBUG com.felixalacampagne.recivaportal.RecivaPortalRest: getHeadChallenge: params
serial: [0000df34]
sp: [v257-a-865-a-476]
2021-10-06 22:21:29 DEBUG com.felixalacampagne.recivaportal.RecivaPortalRest: makeChallengeResponse: response status: 200 Ok
2021-10-06 22:21:29 DEBUG com.felixalacampagne.recivaportal.RecivaPortalRest: makeChallengeResponse: response header:
Last-Modified: [Wed, 06 Oct 2021 20:21:29 GMT]
Expires: [Thu, 07 Oct 2021 20:21:29 GMT]
Location: [http://portal13.7803986842.com/portal/location]
Content-Location: [http://www.reciva.com/portal/content-location]
Content-Encoding: [UTF-8]
Content-Length: [8]
Content-Type: [text/plain]
X-Reciva-Challenge-Format: [sernum]
X-Reciva-Session-Id: [55667788]
Set-Cookie: [JSESSIONID=ABCD1234ABCD1234; Path=/portal]
2021-10-06 22:21:29 INFO  com.felixalacampagne.recivaportal.RecivaPortalRest: getHeadChallenge: serial:0000df34 sp:v257-a-865-a-476
2021-10-06 22:21:29 DEBUG com.felixalacampagne.recivaportal.RecivaPortalRest: getHeadChallenge: headers
Accept: [*/*]
Host: [portal14.7803986842.com]
2021-10-06 22:21:29 DEBUG com.felixalacampagne.recivaportal.RecivaPortalRest: getHeadChallenge: params
serial: [0000df34]
sp: [v257-a-865-a-476]
2021-10-06 22:21:29 DEBUG com.felixalacampagne.recivaportal.RecivaPortalRest: makeChallengeResponse: response status: 200 Ok
2021-10-06 22:21:29 DEBUG com.felixalacampagne.recivaportal.RecivaPortalRest: makeChallengeResponse: response header:
Last-Modified: [Wed, 06 Oct 2021 20:21:29 GMT]
Expires: [Thu, 07 Oct 2021 20:21:29 GMT]
Location: [http://portal14.7803986842.com/portal/location]
Content-Location: [http://www.reciva.com/portal/content-location]
Content-Encoding: [UTF-8]
Content-Length: [8]
Content-Type: [text/plain]
X-Reciva-Challenge-Format: [sernum]
X-Reciva-Session-Id: [55667788]
Set-Cookie: [JSESSIONID=ABCD1234ABCD1234; Path=/portal]
2021-10-06 22:21:29 INFO  com.felixalacampagne.recivaportal.RecivaPortalRest: getHeadChallenge: serial:0000df34 sp:v257-a-865-a-476
2021-10-06 22:21:29 DEBUG com.felixalacampagne.recivaportal.RecivaPortalRest: getHeadChallenge: headers
Accept: [*/*]
Host: [portal15.7803986842.com]
2021-10-06 22:21:29 DEBUG com.felixalacampagne.recivaportal.RecivaPortalRest: getHeadChallenge: params
serial: [0000df34]
sp: [v257-a-865-a-476]
2021-10-06 22:21:29 DEBUG com.felixalacampagne.recivaportal.RecivaPortalRest: makeChallengeResponse: response status: 200 Ok
2021-10-06 22:21:29 DEBUG com.felixalacampagne.recivaportal.RecivaPortalRest: makeChallengeResponse: response header:
Last-Modified: [Wed, 06 Oct 2021 20:21:29 GMT]
Expires: [Thu, 07 Oct 2021 20:21:29 GMT]
Location: [http://portal15.7803986842.com/portal/location]
Content-Location: [http://www.reciva.com/portal/content-location]
Content-Encoding: [UTF-8]
Content-Length: [8]
Content-Type: [text/plain]
X-Reciva-Challenge-Format: [sernum]
X-Reciva-Session-Id: [55667788]
Set-Cookie: [JSESSIONID=ABCD1234ABCD1234; Path=/portal]
2021-10-06 22:21:30 INFO  com.felixalacampagne.recivaportal.RecivaPortalRest: getHeadChallenge: serial:0000df34 sp:v257-a-865-a-476
2021-10-06 22:21:30 DEBUG com.felixalacampagne.recivaportal.RecivaPortalRest: getHeadChallenge: headers
Accept: [*/*]
Host: [portal16.7803986842.com]
2021-10-06 22:21:30 DEBUG com.felixalacampagne.recivaportal.RecivaPortalRest: getHeadChallenge: params
serial: [0000df34]
sp: [v257-a-865-a-476]
2021-10-06 22:21:30 DEBUG com.felixalacampagne.recivaportal.RecivaPortalRest: makeChallengeResponse: response status: 200 Ok
2021-10-06 22:21:30 DEBUG com.felixalacampagne.recivaportal.RecivaPortalRest: makeChallengeResponse: response header:
Last-Modified: [Wed, 06 Oct 2021 20:21:30 GMT]
Expires: [Thu, 07 Oct 2021 20:21:30 GMT]
Location: [http://portal16.7803986842.com/portal/location]
Content-Location: [http://www.reciva.com/portal/content-location]
Content-Encoding: [UTF-8]
Content-Length: [8]
Content-Type: [text/plain]
X-Reciva-Challenge-Format: [sernum]
X-Reciva-Session-Id: [55667788]
Set-Cookie: [JSESSIONID=ABCD1234ABCD1234; Path=/portal]
2021-10-06 22:21:49 INFO  com.felixalacampagne.recivaportal.RecivaPortalRest: getHeadChallenge: serial:0000df34 sp:v257-a-865-a-476
2021-10-06 22:21:49 DEBUG com.felixalacampagne.recivaportal.RecivaPortalRest: getHeadChallenge: headers
Accept: [*/*]
Host: [portal1.7803986842.com]
2021-10-06 22:21:49 DEBUG com.felixalacampagne.recivaportal.RecivaPortalRest: getHeadChallenge: params
serial: [0000df34]
sp: [v257-a-865-a-476]
2021-10-06 22:21:49 DEBUG com.felixalacampagne.recivaportal.RecivaPortalRest: makeChallengeResponse: response status: 200 Ok
2021-10-06 22:21:49 DEBUG com.felixalacampagne.recivaportal.RecivaPortalRest: makeChallengeResponse: response header:
Last-Modified: [Wed, 06 Oct 2021 20:21:49 GMT]
Expires: [Thu, 07 Oct 2021 20:21:49 GMT]
Location: [http://portal1.7803986842.com/portal/location]
Content-Location: [http://www.reciva.com/portal/content-location]
Content-Encoding: [UTF-8]
Content-Length: [8]
Content-Type: [text/plain]
X-Reciva-Challenge-Format: [sernum]
X-Reciva-Session-Id: [55667788]
Set-Cookie: [JSESSIONID=ABCD1234ABCD1234; Path=/portal]
2021-10-06 22:21:49 INFO  com.felixalacampagne.recivaportal.RecivaPortalRest: getHeadChallenge: serial:0000df34 sp:v257-a-865-a-476
2021-10-06 22:21:49 DEBUG com.felixalacampagne.recivaportal.RecivaPortalRest: getHeadChallenge: headers
Accept: [*/*]
Host: [portal2.7803986842.com]
2021-10-06 22:21:49 DEBUG com.felixalacampagne.recivaportal.RecivaPortalRest: getHeadChallenge: params
serial: [0000df34]
sp: [v257-a-865-a-476]
2021-10-06 22:21:49 DEBUG com.felixalacampagne.recivaportal.RecivaPortalRest: makeChallengeResponse: response status: 200 Ok
2021-10-06 22:21:49 DEBUG com.felixalacampagne.recivaportal.RecivaPortalRest: makeChallengeResponse: response header:
Last-Modified: [Wed, 06 Oct 2021 20:21:49 GMT]
Expires: [Thu, 07 Oct 2021 20:21:49 GMT]
Location: [http://portal2.7803986842.com/portal/location]
Content-Location: [http://www.reciva.com/portal/content-location]
Content-Encoding: [UTF-8]
Content-Length: [8]
Content-Type: [text/plain]
X-Reciva-Challenge-Format: [sernum]
X-Reciva-Session-Id: [55667788]
Set-Cookie: [JSESSIONID=ABCD1234ABCD1234; Path=/portal]
2021-10-06 22:21:49 INFO  com.felixalacampagne.recivaportal.RecivaPortalRest: getHeadChallenge: serial:0000df34 sp:v257-a-865-a-476
2021-10-06 22:21:49 DEBUG com.felixalacampagne.recivaportal.RecivaPortalRest: getHeadChallenge: headers
Accept: [*/*]
Host: [portal3.7803986842.com]
2021-10-06 22:21:49 DEBUG com.felixalacampagne.recivaportal.RecivaPortalRest: getHeadChallenge: params
serial: [0000df34]
sp: [v257-a-865-a-476]
2021-10-06 22:21:49 DEBUG com.felixalacampagne.recivaportal.RecivaPortalRest: makeChallengeResponse: response status: 200 Ok
2021-10-06 22:21:49 DEBUG com.felixalacampagne.recivaportal.RecivaPortalRest: makeChallengeResponse: response header:
Last-Modified: [Wed, 06 Oct 2021 20:21:49 GMT]
Expires: [Thu, 07 Oct 2021 20:21:49 GMT]
Location: [http://portal3.7803986842.com/portal/location]
Content-Location: [http://www.reciva.com/portal/content-location]
Content-Encoding: [UTF-8]
Content-Length: [8]
Content-Type: [text/plain]
X-Reciva-Challenge-Format: [sernum]
X-Reciva-Session-Id: [55667788]
Set-Cookie: [JSESSIONID=ABCD1234ABCD1234; Path=/portal]
2021-10-06 22:21:50 INFO  com.felixalacampagne.recivaportal.RecivaPortalRest: getHeadChallenge: serial:0000df34 sp:v257-a-865-a-476
2021-10-06 22:21:50 DEBUG com.felixalacampagne.recivaportal.RecivaPortalRest: getHeadChallenge: headers
Accept: [*/*]
Host: [portal4.7803986842.com]
2021-10-06 22:21:50 DEBUG com.felixalacampagne.recivaportal.RecivaPortalRest: getHeadChallenge: params
serial: [0000df34]
sp: [v257-a-865-a-476]
2021-10-06 22:21:50 DEBUG com.felixalacampagne.recivaportal.RecivaPortalRest: makeChallengeResponse: response status: 200 Ok
2021-10-06 22:21:50 DEBUG com.felixalacampagne.recivaportal.RecivaPortalRest: makeChallengeResponse: response header:
Last-Modified: [Wed, 06 Oct 2021 20:21:50 GMT]
Expires: [Thu, 07 Oct 2021 20:21:50 GMT]
Location: [http://portal4.7803986842.com/portal/location]
Content-Location: [http://www.reciva.com/portal/content-location]
Content-Encoding: [UTF-8]
Content-Length: [8]
Content-Type: [text/plain]
X-Reciva-Challenge-Format: [sernum]
X-Reciva-Session-Id: [55667788]
Set-Cookie: [JSESSIONID=ABCD1234ABCD1234; Path=/portal]
2021-10-06 22:21:50 INFO  com.felixalacampagne.recivaportal.RecivaPortalRest: getHeadChallenge: serial:0000df34 sp:v257-a-865-a-476
2021-10-06 22:21:50 DEBUG com.felixalacampagne.recivaportal.RecivaPortalRest: getHeadChallenge: headers
Accept: [*/*]
Host: [portal5.7803986842.com]
2021-10-06 22:21:50 DEBUG com.felixalacampagne.recivaportal.RecivaPortalRest: getHeadChallenge: params
serial: [0000df34]
sp: [v257-a-865-a-476]
2021-10-06 22:21:50 DEBUG com.felixalacampagne.recivaportal.RecivaPortalRest: makeChallengeResponse: response status: 200 Ok
2021-10-06 22:21:50 DEBUG com.felixalacampagne.recivaportal.RecivaPortalRest: makeChallengeResponse: response header:
Last-Modified: [Wed, 06 Oct 2021 20:21:50 GMT]
Expires: [Thu, 07 Oct 2021 20:21:50 GMT]
Location: [http://portal5.7803986842.com/portal/location]
Content-Location: [http://www.reciva.com/portal/content-location]
Content-Encoding: [UTF-8]
Content-Length: [8]
Content-Type: [text/plain]
X-Reciva-Challenge-Format: [sernum]
X-Reciva-Session-Id: [55667788]
Set-Cookie: [JSESSIONID=ABCD1234ABCD1234; Path=/portal]
2021-10-06 22:21:50 INFO  com.felixalacampagne.recivaportal.RecivaPortalRest: getHeadChallenge: serial:0000df34 sp:v257-a-865-a-476
2021-10-06 22:21:50 DEBUG com.felixalacampagne.recivaportal.RecivaPortalRest: getHeadChallenge: headers
Accept: [*/*]
Host: [portal6.7803986842.com]
2021-10-06 22:21:50 DEBUG com.felixalacampagne.recivaportal.RecivaPortalRest: getHeadChallenge: params
serial: [0000df34]
sp: [v257-a-865-a-476]
2021-10-06 22:21:50 DEBUG com.felixalacampagne.recivaportal.RecivaPortalRest: makeChallengeResponse: response status: 200 Ok
2021-10-06 22:21:50 DEBUG com.felixalacampagne.recivaportal.RecivaPortalRest: makeChallengeResponse: response header:
Last-Modified: [Wed, 06 Oct 2021 20:21:50 GMT]
Expires: [Thu, 07 Oct 2021 20:21:50 GMT]
Location: [http://portal6.7803986842.com/portal/location]
Content-Location: [http://www.reciva.com/portal/content-location]
Content-Encoding: [UTF-8]
Content-Length: [8]
Content-Type: [text/plain]
X-Reciva-Challenge-Format: [sernum]
X-Reciva-Session-Id: [55667788]
Set-Cookie: [JSESSIONID=ABCD1234ABCD1234; Path=/portal]
2021-10-06 22:21:50 INFO  com.felixalacampagne.recivaportal.RecivaPortalRest: getHeadChallenge: serial:0000df34 sp:v257-a-865-a-476
2021-10-06 22:21:50 DEBUG com.felixalacampagne.recivaportal.RecivaPortalRest: getHeadChallenge: headers
Accept: [*/*]
Host: [portal7.7803986842.com]
2021-10-06 22:21:50 DEBUG com.felixalacampagne.recivaportal.RecivaPortalRest: getHeadChallenge: params
serial: [0000df34]
sp: [v257-a-865-a-476]
2021-10-06 22:21:50 DEBUG com.felixalacampagne.recivaportal.RecivaPortalRest: makeChallengeResponse: response status: 200 Ok
2021-10-06 22:21:50 DEBUG com.felixalacampagne.recivaportal.RecivaPortalRest: makeChallengeResponse: response header:
Last-Modified: [Wed, 06 Oct 2021 20:21:50 GMT]
Expires: [Thu, 07 Oct 2021 20:21:50 GMT]
Location: [http://portal7.7803986842.com/portal/location]
Content-Location: [http://www.reciva.com/portal/content-location]
Content-Encoding: [UTF-8]
Content-Length: [8]
Content-Type: [text/plain]
X-Reciva-Challenge-Format: [sernum]
X-Reciva-Session-Id: [55667788]
Set-Cookie: [JSESSIONID=ABCD1234ABCD1234; Path=/portal]
2021-10-06 22:21:50 INFO  com.felixalacampagne.recivaportal.RecivaPortalRest: getHeadChallenge: serial:0000df34 sp:v257-a-865-a-476
2021-10-06 22:21:50 DEBUG com.felixalacampagne.recivaportal.RecivaPortalRest: getHeadChallenge: headers
Accept: [*/*]
Host: [portal8.7803986842.com]
2021-10-06 22:21:50 DEBUG com.felixalacampagne.recivaportal.RecivaPortalRest: getHeadChallenge: params
serial: [0000df34]
sp: [v257-a-865-a-476]
2021-10-06 22:21:50 DEBUG com.felixalacampagne.recivaportal.RecivaPortalRest: makeChallengeResponse: response status: 200 Ok
2021-10-06 22:21:50 DEBUG com.felixalacampagne.recivaportal.RecivaPortalRest: makeChallengeResponse: response header:
Last-Modified: [Wed, 06 Oct 2021 20:21:50 GMT]
Expires: [Thu, 07 Oct 2021 20:21:50 GMT]
Location: [http://portal8.7803986842.com/portal/location]
Content-Location: [http://www.reciva.com/portal/content-location]
Content-Encoding: [UTF-8]
Content-Length: [8]
Content-Type: [text/plain]
X-Reciva-Challenge-Format: [sernum]
X-Reciva-Session-Id: [55667788]
Set-Cookie: [JSESSIONID=ABCD1234ABCD1234; Path=/portal]
2021-10-06 22:21:51 INFO  com.felixalacampagne.recivaportal.RecivaPortalRest: getHeadChallenge: serial:0000df34 sp:v257-a-865-a-476
2021-10-06 22:21:51 DEBUG com.felixalacampagne.recivaportal.RecivaPortalRest: getHeadChallenge: headers
Accept: [*/*]
Host: [portal9.7803986842.com]
2021-10-06 22:21:51 DEBUG com.felixalacampagne.recivaportal.RecivaPortalRest: getHeadChallenge: params
serial: [0000df34]
sp: [v257-a-865-a-476]
2021-10-06 22:21:51 DEBUG com.felixalacampagne.recivaportal.RecivaPortalRest: makeChallengeResponse: response status: 200 Ok
2021-10-06 22:21:51 DEBUG com.felixalacampagne.recivaportal.RecivaPortalRest: makeChallengeResponse: response header:
Last-Modified: [Wed, 06 Oct 2021 20:21:51 GMT]
Expires: [Thu, 07 Oct 2021 20:21:51 GMT]
Location: [http://portal9.7803986842.com/portal/location]
Content-Location: [http://www.reciva.com/portal/content-location]
Content-Encoding: [UTF-8]
Content-Length: [8]
Content-Type: [text/plain]
X-Reciva-Challenge-Format: [sernum]
X-Reciva-Session-Id: [55667788]
Set-Cookie: [JSESSIONID=ABCD1234ABCD1234; Path=/portal]
2021-10-06 22:21:51 INFO  com.felixalacampagne.recivaportal.RecivaPortalRest: getHeadChallenge: serial:0000df34 sp:v257-a-865-a-476
2021-10-06 22:21:51 DEBUG com.felixalacampagne.recivaportal.RecivaPortalRest: getHeadChallenge: headers
Accept: [*/*]
Host: [portal10.7803986842.com]
2021-10-06 22:21:51 DEBUG com.felixalacampagne.recivaportal.RecivaPortalRest: getHeadChallenge: params
serial: [0000df34]
sp: [v257-a-865-a-476]
2021-10-06 22:21:51 DEBUG com.felixalacampagne.recivaportal.RecivaPortalRest: makeChallengeResponse: response status: 200 Ok
2021-10-06 22:21:51 DEBUG com.felixalacampagne.recivaportal.RecivaPortalRest: makeChallengeResponse: response header:
Last-Modified: [Wed, 06 Oct 2021 20:21:51 GMT]
Expires: [Thu, 07 Oct 2021 20:21:51 GMT]
Location: [http://portal10.7803986842.com/portal/location]
Content-Location: [http://www.reciva.com/portal/content-location]
Content-Encoding: [UTF-8]
Content-Length: [8]
Content-Type: [text/plain]
X-Reciva-Challenge-Format: [sernum]
X-Reciva-Session-Id: [55667788]
Set-Cookie: [JSESSIONID=ABCD1234ABCD1234; Path=/portal]
2021-10-06 22:21:51 INFO  com.felixalacampagne.recivaportal.RecivaPortalRest: getHeadChallenge: serial:0000df34 sp:v257-a-865-a-476
2021-10-06 22:21:51 DEBUG com.felixalacampagne.recivaportal.RecivaPortalRest: getHeadChallenge: headers
Accept: [*/*]
Host: [portal11.7803986842.com]
2021-10-06 22:21:51 DEBUG com.felixalacampagne.recivaportal.RecivaPortalRest: getHeadChallenge: params
serial: [0000df34]
sp: [v257-a-865-a-476]
2021-10-06 22:21:51 DEBUG com.felixalacampagne.recivaportal.RecivaPortalRest: makeChallengeResponse: response status: 200 Ok
2021-10-06 22:21:51 DEBUG com.felixalacampagne.recivaportal.RecivaPortalRest: makeChallengeResponse: response header:
Last-Modified: [Wed, 06 Oct 2021 20:21:51 GMT]
Expires: [Thu, 07 Oct 2021 20:21:51 GMT]
Location: [http://portal11.7803986842.com/portal/location]
Content-Location: [http://www.reciva.com/portal/content-location]
Content-Encoding: [UTF-8]
Content-Length: [8]
Content-Type: [text/plain]
X-Reciva-Challenge-Format: [sernum]
X-Reciva-Session-Id: [55667788]
Set-Cookie: [JSESSIONID=ABCD1234ABCD1234; Path=/portal]
2021-10-06 22:21:51 INFO  com.felixalacampagne.recivaportal.RecivaPortalRest: getHeadChallenge: serial:0000df34 sp:v257-a-865-a-476
2021-10-06 22:21:51 DEBUG com.felixalacampagne.recivaportal.RecivaPortalRest: getHeadChallenge: headers
Accept: [*/*]
Host: [portal12.7803986842.com]
2021-10-06 22:21:51 DEBUG com.felixalacampagne.recivaportal.RecivaPortalRest: getHeadChallenge: params
serial: [0000df34]
sp: [v257-a-865-a-476]
2021-10-06 22:21:51 DEBUG com.felixalacampagne.recivaportal.RecivaPortalRest: makeChallengeResponse: response status: 200 Ok
2021-10-06 22:21:51 DEBUG com.felixalacampagne.recivaportal.RecivaPortalRest: makeChallengeResponse: response header:
Last-Modified: [Wed, 06 Oct 2021 20:21:51 GMT]
Expires: [Thu, 07 Oct 2021 20:21:51 GMT]
Location: [http://portal12.7803986842.com/portal/location]
Content-Location: [http://www.reciva.com/portal/content-location]
Content-Encoding: [UTF-8]
Content-Length: [8]
Content-Type: [text/plain]
X-Reciva-Challenge-Format: [sernum]
X-Reciva-Session-Id: [55667788]
Set-Cookie: [JSESSIONID=ABCD1234ABCD1234; Path=/portal]
2021-10-06 22:21:52 INFO  com.felixalacampagne.recivaportal.RecivaPortalRest: getHeadChallenge: serial:0000df34 sp:v257-a-865-a-476
2021-10-06 22:21:52 DEBUG com.felixalacampagne.recivaportal.RecivaPortalRest: getHeadChallenge: headers
Accept: [*/*]
Host: [portal13.7803986842.com]
2021-10-06 22:21:52 DEBUG com.felixalacampagne.recivaportal.RecivaPortalRest: getHeadChallenge: params
serial: [0000df34]
sp: [v257-a-865-a-476]
2021-10-06 22:21:52 DEBUG com.felixalacampagne.recivaportal.RecivaPortalRest: makeChallengeResponse: response status: 200 Ok
2021-10-06 22:21:52 DEBUG com.felixalacampagne.recivaportal.RecivaPortalRest: makeChallengeResponse: response header:
Last-Modified: [Wed, 06 Oct 2021 20:21:52 GMT]
Expires: [Thu, 07 Oct 2021 20:21:52 GMT]
Location: [http://portal13.7803986842.com/portal/location]
Content-Location: [http://www.reciva.com/portal/content-location]
Content-Encoding: [UTF-8]
Content-Length: [8]
Content-Type: [text/plain]
X-Reciva-Challenge-Format: [sernum]
X-Reciva-Session-Id: [55667788]
Set-Cookie: [JSESSIONID=ABCD1234ABCD1234; Path=/portal]
2021-10-06 22:21:52 INFO  com.felixalacampagne.recivaportal.RecivaPortalRest: getHeadChallenge: serial:0000df34 sp:v257-a-865-a-476
2021-10-06 22:21:52 DEBUG com.felixalacampagne.recivaportal.RecivaPortalRest: getHeadChallenge: headers
Accept: [*/*]
Host: [portal14.7803986842.com]
2021-10-06 22:21:52 DEBUG com.felixalacampagne.recivaportal.RecivaPortalRest: getHeadChallenge: params
serial: [0000df34]
sp: [v257-a-865-a-476]
2021-10-06 22:21:52 DEBUG com.felixalacampagne.recivaportal.RecivaPortalRest: makeChallengeResponse: response status: 200 Ok
2021-10-06 22:21:52 DEBUG com.felixalacampagne.recivaportal.RecivaPortalRest: makeChallengeResponse: response header:
Last-Modified: [Wed, 06 Oct 2021 20:21:52 GMT]
Expires: [Thu, 07 Oct 2021 20:21:52 GMT]
Location: [http://portal14.7803986842.com/portal/location]
Content-Location: [http://www.reciva.com/portal/content-location]
Content-Encoding: [UTF-8]
Content-Length: [8]
Content-Type: [text/plain]
X-Reciva-Challenge-Format: [sernum]
X-Reciva-Session-Id: [55667788]
Set-Cookie: [JSESSIONID=ABCD1234ABCD1234; Path=/portal]
2021-10-06 22:21:52 INFO  com.felixalacampagne.recivaportal.RecivaPortalRest: getHeadChallenge: serial:0000df34 sp:v257-a-865-a-476
2021-10-06 22:21:52 DEBUG com.felixalacampagne.recivaportal.RecivaPortalRest: getHeadChallenge: headers
Accept: [*/*]
Host: [portal15.7803986842.com]
2021-10-06 22:21:52 DEBUG com.felixalacampagne.recivaportal.RecivaPortalRest: getHeadChallenge: params
serial: [0000df34]
sp: [v257-a-865-a-476]
2021-10-06 22:21:52 DEBUG com.felixalacampagne.recivaportal.RecivaPortalRest: makeChallengeResponse: response status: 200 Ok
2021-10-06 22:21:52 DEBUG com.felixalacampagne.recivaportal.RecivaPortalRest: makeChallengeResponse: response header:
Last-Modified: [Wed, 06 Oct 2021 20:21:52 GMT]
Expires: [Thu, 07 Oct 2021 20:21:52 GMT]
Location: [http://portal15.7803986842.com/portal/location]
Content-Location: [http://www.reciva.com/portal/content-location]
Content-Encoding: [UTF-8]
Content-Length: [8]
Content-Type: [text/plain]
X-Reciva-Challenge-Format: [sernum]
X-Reciva-Session-Id: [55667788]
Set-Cookie: [JSESSIONID=ABCD1234ABCD1234; Path=/portal]
2021-10-06 22:21:52 INFO  com.felixalacampagne.recivaportal.RecivaPortalRest: getHeadChallenge: serial:0000df34 sp:v257-a-865-a-476
2021-10-06 22:21:52 DEBUG com.felixalacampagne.recivaportal.RecivaPortalRest: getHeadChallenge: headers
Accept: [*/*]
Host: [portal16.7803986842.com]
2021-10-06 22:21:52 DEBUG com.felixalacampagne.recivaportal.RecivaPortalRest: getHeadChallenge: params
serial: [0000df34]
sp: [v257-a-865-a-476]
2021-10-06 22:21:52 DEBUG com.felixalacampagne.recivaportal.RecivaPortalRest: makeChallengeResponse: response status: 200 Ok
2021-10-06 22:21:52 DEBUG com.felixalacampagne.recivaportal.RecivaPortalRest: makeChallengeResponse: response header:
Last-Modified: [Wed, 06 Oct 2021 20:21:52 GMT]
Expires: [Thu, 07 Oct 2021 20:21:52 GMT]
Location: [http://portal16.7803986842.com/portal/location]
Content-Location: [http://www.reciva.com/portal/content-location]
Content-Encoding: [UTF-8]
Content-Length: [8]
Content-Type: [text/plain]
X-Reciva-Challenge-Format: [sernum]
X-Reciva-Session-Id: [55667788]
Set-Cookie: [JSESSIONID=ABCD1234ABCD1234; Path=/portal]
